{"G:\\facul_project\\TrabalhoInterdisciplinar\\plf-es-2025-1-ti5-0492100-carpool\\code\\mobile\\index.js":{"path":"G:\\facul_project\\TrabalhoInterdisciplinar\\plf-es-2025-1-ti5-0492100-carpool\\code\\mobile\\index.js","statementMap":{"0":{"start":{"line":9,"column":0},"end":{"line":9,"column":27}}},"fnMap":{},"branchMap":{},"s":{"0":0},"f":{},"b":{},"all":true},"G:\\facul_project\\TrabalhoInterdisciplinar\\plf-es-2025-1-ti5-0492100-carpool\\code\\mobile\\metro-babel-transformer.js":{"path":"G:\\facul_project\\TrabalhoInterdisciplinar\\plf-es-2025-1-ti5-0492100-carpool\\code\\mobile\\metro-babel-transformer.js","statementMap":{"0":{"start":{"line":2,"column":28},"end":{"line":2,"column":75}},"1":{"start":{"line":4,"column":0},"end":{"line":11,"column":2}},"2":{"start":{"line":6,"column":2},"end":{"line":10,"column":5}}},"fnMap":{"0":{"name":"(anonymous_0)","decl":{"start":{"line":4,"column":27},"end":{"line":4,"column":28}},"loc":{"start":{"line":4,"column":64},"end":{"line":11,"column":1}},"line":4}},"branchMap":{},"s":{"0":0,"1":0,"2":0},"f":{"0":0},"b":{},"all":true},"G:\\facul_project\\TrabalhoInterdisciplinar\\plf-es-2025-1-ti5-0492100-carpool\\code\\mobile\\src\\components\\common\\index.js":{"path":"G:\\facul_project\\TrabalhoInterdisciplinar\\plf-es-2025-1-ti5-0492100-carpool\\code\\mobile\\src\\components\\common\\index.js","statementMap":{},"fnMap":{},"branchMap":{},"s":{},"f":{},"b":{},"all":true},"G:\\facul_project\\TrabalhoInterdisciplinar\\plf-es-2025-1-ti5-0492100-carpool\\code\\mobile\\src\\components\\form\\index.js":{"path":"G:\\facul_project\\TrabalhoInterdisciplinar\\plf-es-2025-1-ti5-0492100-carpool\\code\\mobile\\src\\components\\form\\index.js","statementMap":{},"fnMap":{},"branchMap":{},"s":{},"f":{},"b":{},"all":true},"G:\\facul_project\\TrabalhoInterdisciplinar\\plf-es-2025-1-ti5-0492100-carpool\\code\\mobile\\src\\components\\notifications\\NotificationListener.js":{"path":"G:\\facul_project\\TrabalhoInterdisciplinar\\plf-es-2025-1-ti5-0492100-carpool\\code\\mobile\\src\\components\\notifications\\NotificationListener.js","statementMap":{"0":{"start":{"line":5,"column":36},"end":{"line":17,"column":1}},"1":{"start":{"line":6,"column":24},"end":{"line":6,"column":41}},"2":{"start":{"line":7,"column":26},"end":{"line":7,"column":49}},"3":{"start":{"line":9,"column":2},"end":{"line":14,"column":31}},"4":{"start":{"line":11,"column":4},"end":{"line":13,"column":5}},"5":{"start":{"line":12,"column":6},"end":{"line":12,"column":56}},"6":{"start":{"line":16,"column":2},"end":{"line":16,"column":14}}},"fnMap":{"0":{"name":"(anonymous_0)","decl":{"start":{"line":5,"column":36},"end":{"line":5,"column":37}},"loc":{"start":{"line":5,"column":42},"end":{"line":17,"column":1}},"line":5},"1":{"name":"(anonymous_1)","decl":{"start":{"line":9,"column":18},"end":{"line":9,"column":19}},"loc":{"start":{"line":9,"column":24},"end":{"line":14,"column":3}},"line":9}},"branchMap":{"0":{"loc":{"start":{"line":11,"column":4},"end":{"line":13,"column":5}},"type":"if","locations":[{"start":{"line":11,"column":4},"end":{"line":13,"column":5}},{"start":{},"end":{}}],"line":11}},"s":{"0":0,"1":0,"2":0,"3":0,"4":0,"5":0,"6":0},"f":{"0":0,"1":0},"b":{"0":[0,0]},"all":true},"G:\\facul_project\\TrabalhoInterdisciplinar\\plf-es-2025-1-ti5-0492100-carpool\\code\\mobile\\src\\components\\ride\\index.js":{"path":"G:\\facul_project\\TrabalhoInterdisciplinar\\plf-es-2025-1-ti5-0492100-carpool\\code\\mobile\\src\\components\\ride\\index.js","statementMap":{},"fnMap":{},"branchMap":{},"s":{},"f":{},"b":{},"all":true},"G:\\facul_project\\TrabalhoInterdisciplinar\\plf-es-2025-1-ti5-0492100-carpool\\code\\mobile\\src\\components\\toast\\ToastConfig.js":{"path":"G:\\facul_project\\TrabalhoInterdisciplinar\\plf-es-2025-1-ti5-0492100-carpool\\code\\mobile\\src\\components\\toast\\ToastConfig.js","statementMap":{"0":{"start":{"line":6,"column":27},"end":{"line":15,"column":1}}},"fnMap":{},"branchMap":{},"s":{"0":0},"f":{},"b":{},"all":true},"G:\\facul_project\\TrabalhoInterdisciplinar\\plf-es-2025-1-ti5-0492100-carpool\\code\\mobile\\src\\components\\ui\\BottomSheet\\index.js":{"path":"G:\\facul_project\\TrabalhoInterdisciplinar\\plf-es-2025-1-ti5-0492100-carpool\\code\\mobile\\src\\components\\ui\\BottomSheet\\index.js","statementMap":{},"fnMap":{},"branchMap":{},"s":{},"f":{},"b":{},"all":true},"G:\\facul_project\\TrabalhoInterdisciplinar\\plf-es-2025-1-ti5-0492100-carpool\\code\\mobile\\src\\components\\ui\\index.js":{"path":"G:\\facul_project\\TrabalhoInterdisciplinar\\plf-es-2025-1-ti5-0492100-carpool\\code\\mobile\\src\\components\\ui\\index.js","statementMap":{},"fnMap":{},"branchMap":{},"s":{},"f":{},"b":{},"all":true},"G:\\facul_project\\TrabalhoInterdisciplinar\\plf-es-2025-1-ti5-0492100-carpool\\code\\mobile\\src\\components\\ui\\RegisterRide\\index.js":{"path":"G:\\facul_project\\TrabalhoInterdisciplinar\\plf-es-2025-1-ti5-0492100-carpool\\code\\mobile\\src\\components\\ui\\RegisterRide\\index.js","statementMap":{},"fnMap":{},"branchMap":{},"s":{},"f":{},"b":{},"all":true},"G:\\facul_project\\TrabalhoInterdisciplinar\\plf-es-2025-1-ti5-0492100-carpool\\code\\mobile\\src\\components\\ui\\RegisterRide\\RideSubmissionHandler.js":{"path":"G:\\facul_project\\TrabalhoInterdisciplinar\\plf-es-2025-1-ti5-0492100-carpool\\code\\mobile\\src\\components\\ui\\RegisterRide\\RideSubmissionHandler.js","statementMap":{"0":{"start":{"line":23,"column":4},"end":{"line":26,"column":5}},"1":{"start":{"line":24,"column":6},"end":{"line":24,"column":86}},"2":{"start":{"line":25,"column":6},"end":{"line":25,"column":32}},"3":{"start":{"line":28,"column":4},"end":{"line":94,"column":5}},"4":{"start":{"line":30,"column":30},"end":{"line":30,"column":101}},"5":{"start":{"line":31,"column":28},"end":{"line":31,"column":85}},"6":{"start":{"line":33,"column":18},"end":{"line":33,"column":28}},"7":{"start":{"line":35,"column":6},"end":{"line":38,"column":7}},"8":{"start":{"line":36,"column":8},"end":{"line":36,"column":32}},"9":{"start":{"line":37,"column":8},"end":{"line":37,"column":84}},"10":{"start":{"line":41,"column":6},"end":{"line":44,"column":7}},"11":{"start":{"line":42,"column":8},"end":{"line":42,"column":70}},"12":{"start":{"line":43,"column":8},"end":{"line":43,"column":34}},"13":{"start":{"line":46,"column":23},"end":{"line":57,"column":7}},"14":{"start":{"line":59,"column":22},"end":{"line":63,"column":7}},"15":{"start":{"line":65,"column":6},"end":{"line":65,"column":55}},"16":{"start":{"line":66,"column":23},"end":{"line":66,"column":73}},"17":{"start":{"line":68,"column":6},"end":{"line":88,"column":7}},"18":{"start":{"line":69,"column":8},"end":{"line":82,"column":10}},"19":{"start":{"line":74,"column":27},"end":{"line":80,"column":14}},"20":{"start":{"line":83,"column":8},"end":{"line":83,"column":33}},"21":{"start":{"line":85,"column":8},"end":{"line":85,"column":76}},"22":{"start":{"line":86,"column":8},"end":{"line":86,"column":85}},"23":{"start":{"line":87,"column":8},"end":{"line":87,"column":34}},"24":{"start":{"line":91,"column":6},"end":{"line":91,"column":51}},"25":{"start":{"line":92,"column":6},"end":{"line":92,"column":83}},"26":{"start":{"line":93,"column":6},"end":{"line":93,"column":32}},"27":{"start":{"line":98,"column":21},"end":{"line":98,"column":43}},"28":{"start":{"line":99,"column":21},"end":{"line":99,"column":58}},"29":{"start":{"line":101,"column":4},"end":{"line":107,"column":5}},"30":{"start":{"line":102,"column":6},"end":{"line":105,"column":8}},"31":{"start":{"line":106,"column":6},"end":{"line":106,"column":19}},"32":{"start":{"line":108,"column":4},"end":{"line":108,"column":16}}},"fnMap":{"0":{"name":"(anonymous_0)","decl":{"start":{"line":10,"column":2},"end":{"line":10,"column":3}},"loc":{"start":{"line":22,"column":5},"end":{"line":95,"column":3}},"line":22},"1":{"name":"(anonymous_1)","decl":{"start":{"line":74,"column":21},"end":{"line":74,"column":22}},"loc":{"start":{"line":74,"column":27},"end":{"line":80,"column":14}},"line":74},"2":{"name":"(anonymous_2)","decl":{"start":{"line":97,"column":2},"end":{"line":97,"column":3}},"loc":{"start":{"line":97,"column":43},"end":{"line":109,"column":3}},"line":97}},"branchMap":{"0":{"loc":{"start":{"line":23,"column":4},"end":{"line":26,"column":5}},"type":"if","locations":[{"start":{"line":23,"column":4},"end":{"line":26,"column":5}},{"start":{},"end":{}}],"line":23},"1":{"loc":{"start":{"line":23,"column":8},"end":{"line":23,"column":64}},"type":"binary-expr","locations":[{"start":{"line":23,"column":8},"end":{"line":23,"column":22}},{"start":{"line":23,"column":26},"end":{"line":23,"column":44}},{"start":{"line":23,"column":48},"end":{"line":23,"column":64}}],"line":23},"2":{"loc":{"start":{"line":30,"column":30},"end":{"line":30,"column":101}},"type":"cond-expr","locations":[{"start":{"line":30,"column":62},"end":{"line":30,"column":75}},{"start":{"line":30,"column":78},"end":{"line":30,"column":101}}],"line":30},"3":{"loc":{"start":{"line":35,"column":6},"end":{"line":38,"column":7}},"type":"if","locations":[{"start":{"line":35,"column":6},"end":{"line":38,"column":7}},{"start":{},"end":{}}],"line":35},"4":{"loc":{"start":{"line":41,"column":6},"end":{"line":44,"column":7}},"type":"if","locations":[{"start":{"line":41,"column":6},"end":{"line":44,"column":7}},{"start":{},"end":{}}],"line":41},"5":{"loc":{"start":{"line":41,"column":10},"end":{"line":41,"column":80}},"type":"binary-expr","locations":[{"start":{"line":41,"column":10},"end":{"line":41,"column":44}},{"start":{"line":41,"column":48},"end":{"line":41,"column":80}}],"line":41},"6":{"loc":{"start":{"line":68,"column":6},"end":{"line":88,"column":7}},"type":"if","locations":[{"start":{"line":68,"column":6},"end":{"line":88,"column":7}},{"start":{"line":84,"column":13},"end":{"line":88,"column":7}}],"line":68},"7":{"loc":{"start":{"line":99,"column":21},"end":{"line":99,"column":58}},"type":"cond-expr","locations":[{"start":{"line":99,"column":32},"end":{"line":99,"column":54}},{"start":{"line":99,"column":57},"end":{"line":99,"column":58}}],"line":99},"8":{"loc":{"start":{"line":101,"column":4},"end":{"line":107,"column":5}},"type":"if","locations":[{"start":{"line":101,"column":4},"end":{"line":107,"column":5}},{"start":{},"end":{}}],"line":101}},"s":{"0":0,"1":0,"2":0,"3":0,"4":0,"5":0,"6":0,"7":0,"8":0,"9":0,"10":0,"11":0,"12":0,"13":0,"14":0,"15":0,"16":0,"17":0,"18":0,"19":0,"20":0,"21":0,"22":0,"23":0,"24":0,"25":0,"26":0,"27":0,"28":0,"29":0,"30":0,"31":0,"32":0},"f":{"0":0,"1":0,"2":0},"b":{"0":[0,0],"1":[0,0,0],"2":[0,0],"3":[0,0],"4":[0,0],"5":[0,0],"6":[0,0],"7":[0,0],"8":[0,0]},"all":true},"G:\\facul_project\\TrabalhoInterdisciplinar\\plf-es-2025-1-ti5-0492100-carpool\\code\\mobile\\src\\constants\\index.js":{"path":"G:\\facul_project\\TrabalhoInterdisciplinar\\plf-es-2025-1-ti5-0492100-carpool\\code\\mobile\\src\\constants\\index.js","statementMap":{"0":{"start":{"line":2,"column":24},"end":{"line":2,"column":33}},"1":{"start":{"line":3,"column":27},"end":{"line":3,"column":32}},"2":{"start":{"line":4,"column":27},"end":{"line":4,"column":39}},"3":{"start":{"line":5,"column":27},"end":{"line":5,"column":34}},"4":{"start":{"line":8,"column":22},"end":{"line":70,"column":1}},"5":{"start":{"line":72,"column":23},"end":{"line":79,"column":1}},"6":{"start":{"line":81,"column":22},"end":{"line":87,"column":1}},"7":{"start":{"line":89,"column":25},"end":{"line":97,"column":1}},"8":{"start":{"line":99,"column":27},"end":{"line":104,"column":1}}},"fnMap":{},"branchMap":{},"s":{"0":0,"1":0,"2":0,"3":0,"4":0,"5":0,"6":0,"7":0,"8":0},"f":{},"b":{},"all":true},"G:\\facul_project\\TrabalhoInterdisciplinar\\plf-es-2025-1-ti5-0492100-carpool\\code\\mobile\\src\\hooks\\animations\\index.js":{"path":"G:\\facul_project\\TrabalhoInterdisciplinar\\plf-es-2025-1-ti5-0492100-carpool\\code\\mobile\\src\\hooks\\animations\\index.js","statementMap":{},"fnMap":{},"branchMap":{},"s":{},"f":{},"b":{},"all":true},"G:\\facul_project\\TrabalhoInterdisciplinar\\plf-es-2025-1-ti5-0492100-carpool\\code\\mobile\\src\\hooks\\animations\\useFadeAnimation.js":{"path":"G:\\facul_project\\TrabalhoInterdisciplinar\\plf-es-2025-1-ti5-0492100-carpool\\code\\mobile\\src\\hooks\\animations\\useFadeAnimation.js","statementMap":{"0":{"start":{"line":14,"column":25},"end":{"line":56,"column":1}},"1":{"start":{"line":21,"column":6},"end":{"line":21,"column":13}},"2":{"start":{"line":23,"column":19},"end":{"line":23,"column":65}},"3":{"start":{"line":25,"column":25},"end":{"line":31,"column":3}},"4":{"start":{"line":26,"column":4},"end":{"line":30,"column":15}},"5":{"start":{"line":33,"column":25},"end":{"line":39,"column":3}},"6":{"start":{"line":34,"column":4},"end":{"line":38,"column":23}},"7":{"start":{"line":42,"column":2},"end":{"line":46,"column":9}},"8":{"start":{"line":43,"column":4},"end":{"line":45,"column":5}},"9":{"start":{"line":44,"column":6},"end":{"line":44,"column":23}},"10":{"start":{"line":48,"column":2},"end":{"line":55,"column":4}}},"fnMap":{"0":{"name":"(anonymous_0)","decl":{"start":{"line":14,"column":25},"end":{"line":14,"column":26}},"loc":{"start":{"line":14,"column":43},"end":{"line":56,"column":1}},"line":14},"1":{"name":"(anonymous_1)","decl":{"start":{"line":25,"column":25},"end":{"line":25,"column":26}},"loc":{"start":{"line":25,"column":31},"end":{"line":31,"column":3}},"line":25},"2":{"name":"(anonymous_2)","decl":{"start":{"line":33,"column":25},"end":{"line":33,"column":26}},"loc":{"start":{"line":33,"column":39},"end":{"line":39,"column":3}},"line":33},"3":{"name":"(anonymous_3)","decl":{"start":{"line":42,"column":12},"end":{"line":42,"column":13}},"loc":{"start":{"line":42,"column":18},"end":{"line":46,"column":3}},"line":42}},"branchMap":{"0":{"loc":{"start":{"line":14,"column":26},"end":{"line":14,"column":38}},"type":"default-arg","locations":[{"start":{"line":14,"column":36},"end":{"line":14,"column":38}}],"line":14},"1":{"loc":{"start":{"line":16,"column":4},"end":{"line":16,"column":18}},"type":"default-arg","locations":[{"start":{"line":16,"column":17},"end":{"line":16,"column":18}}],"line":16},"2":{"loc":{"start":{"line":17,"column":4},"end":{"line":17,"column":16}},"type":"default-arg","locations":[{"start":{"line":17,"column":15},"end":{"line":17,"column":16}}],"line":17},"3":{"loc":{"start":{"line":18,"column":4},"end":{"line":18,"column":18}},"type":"default-arg","locations":[{"start":{"line":18,"column":15},"end":{"line":18,"column":18}}],"line":18},"4":{"loc":{"start":{"line":19,"column":4},"end":{"line":19,"column":26}},"type":"default-arg","locations":[{"start":{"line":19,"column":22},"end":{"line":19,"column":26}}],"line":19},"5":{"loc":{"start":{"line":20,"column":4},"end":{"line":20,"column":20}},"type":"default-arg","locations":[{"start":{"line":20,"column":16},"end":{"line":20,"column":20}}],"line":20},"6":{"loc":{"start":{"line":43,"column":4},"end":{"line":45,"column":5}},"type":"if","locations":[{"start":{"line":43,"column":4},"end":{"line":45,"column":5}},{"start":{},"end":{}}],"line":43}},"s":{"0":0,"1":0,"2":0,"3":0,"4":0,"5":0,"6":0,"7":0,"8":0,"9":0,"10":0},"f":{"0":0,"1":0,"2":0,"3":0},"b":{"0":[0],"1":[0],"2":[0],"3":[0],"4":[0],"5":[0],"6":[0,0]},"all":true},"G:\\facul_project\\TrabalhoInterdisciplinar\\plf-es-2025-1-ti5-0492100-carpool\\code\\mobile\\src\\hooks\\animations\\useFadeSlideAnimation.js":{"path":"G:\\facul_project\\TrabalhoInterdisciplinar\\plf-es-2025-1-ti5-0492100-carpool\\code\\mobile\\src\\hooks\\animations\\useFadeSlideAnimation.js","statementMap":{"0":{"start":{"line":17,"column":30},"end":{"line":80,"column":1}},"1":{"start":{"line":27,"column":6},"end":{"line":27,"column":13}},"2":{"start":{"line":29,"column":19},"end":{"line":29,"column":69}},"3":{"start":{"line":30,"column":20},"end":{"line":30,"column":71}},"4":{"start":{"line":32,"column":25},"end":{"line":45,"column":3}},"5":{"start":{"line":33,"column":4},"end":{"line":44,"column":15}},"6":{"start":{"line":47,"column":25},"end":{"line":60,"column":3}},"7":{"start":{"line":48,"column":4},"end":{"line":59,"column":23}},"8":{"start":{"line":63,"column":2},"end":{"line":67,"column":9}},"9":{"start":{"line":64,"column":4},"end":{"line":66,"column":5}},"10":{"start":{"line":65,"column":6},"end":{"line":65,"column":23}},"11":{"start":{"line":70,"column":2},"end":{"line":79,"column":4}}},"fnMap":{"0":{"name":"(anonymous_0)","decl":{"start":{"line":17,"column":30},"end":{"line":17,"column":31}},"loc":{"start":{"line":17,"column":48},"end":{"line":80,"column":1}},"line":17},"1":{"name":"(anonymous_1)","decl":{"start":{"line":32,"column":25},"end":{"line":32,"column":26}},"loc":{"start":{"line":32,"column":31},"end":{"line":45,"column":3}},"line":32},"2":{"name":"(anonymous_2)","decl":{"start":{"line":47,"column":25},"end":{"line":47,"column":26}},"loc":{"start":{"line":47,"column":39},"end":{"line":60,"column":3}},"line":47},"3":{"name":"(anonymous_3)","decl":{"start":{"line":63,"column":12},"end":{"line":63,"column":13}},"loc":{"start":{"line":63,"column":18},"end":{"line":67,"column":3}},"line":63}},"branchMap":{"0":{"loc":{"start":{"line":17,"column":31},"end":{"line":17,"column":43}},"type":"default-arg","locations":[{"start":{"line":17,"column":41},"end":{"line":17,"column":43}}],"line":17},"1":{"loc":{"start":{"line":19,"column":4},"end":{"line":19,"column":22}},"type":"default-arg","locations":[{"start":{"line":19,"column":21},"end":{"line":19,"column":22}}],"line":19},"2":{"loc":{"start":{"line":20,"column":4},"end":{"line":20,"column":20}},"type":"default-arg","locations":[{"start":{"line":20,"column":19},"end":{"line":20,"column":20}}],"line":20},"3":{"loc":{"start":{"line":21,"column":4},"end":{"line":21,"column":24}},"type":"default-arg","locations":[{"start":{"line":21,"column":22},"end":{"line":21,"column":24}}],"line":21},"4":{"loc":{"start":{"line":22,"column":4},"end":{"line":22,"column":21}},"type":"default-arg","locations":[{"start":{"line":22,"column":20},"end":{"line":22,"column":21}}],"line":22},"5":{"loc":{"start":{"line":23,"column":4},"end":{"line":23,"column":22}},"type":"default-arg","locations":[{"start":{"line":23,"column":19},"end":{"line":23,"column":22}}],"line":23},"6":{"loc":{"start":{"line":24,"column":4},"end":{"line":24,"column":23}},"type":"default-arg","locations":[{"start":{"line":24,"column":20},"end":{"line":24,"column":23}}],"line":24},"7":{"loc":{"start":{"line":25,"column":4},"end":{"line":25,"column":26}},"type":"default-arg","locations":[{"start":{"line":25,"column":22},"end":{"line":25,"column":26}}],"line":25},"8":{"loc":{"start":{"line":26,"column":4},"end":{"line":26,"column":20}},"type":"default-arg","locations":[{"start":{"line":26,"column":16},"end":{"line":26,"column":20}}],"line":26},"9":{"loc":{"start":{"line":64,"column":4},"end":{"line":66,"column":5}},"type":"if","locations":[{"start":{"line":64,"column":4},"end":{"line":66,"column":5}},{"start":{},"end":{}}],"line":64}},"s":{"0":0,"1":0,"2":0,"3":0,"4":0,"5":0,"6":0,"7":0,"8":0,"9":0,"10":0,"11":0},"f":{"0":0,"1":0,"2":0,"3":0},"b":{"0":[0],"1":[0],"2":[0],"3":[0],"4":[0],"5":[0],"6":[0],"7":[0],"8":[0],"9":[0,0]},"all":true},"G:\\facul_project\\TrabalhoInterdisciplinar\\plf-es-2025-1-ti5-0492100-carpool\\code\\mobile\\src\\hooks\\index.js":{"path":"G:\\facul_project\\TrabalhoInterdisciplinar\\plf-es-2025-1-ti5-0492100-carpool\\code\\mobile\\src\\hooks\\index.js","statementMap":{},"fnMap":{},"branchMap":{},"s":{},"f":{},"b":{},"all":true},"G:\\facul_project\\TrabalhoInterdisciplinar\\plf-es-2025-1-ti5-0492100-carpool\\code\\mobile\\src\\hooks\\registerRide\\index.js":{"path":"G:\\facul_project\\TrabalhoInterdisciplinar\\plf-es-2025-1-ti5-0492100-carpool\\code\\mobile\\src\\hooks\\registerRide\\index.js","statementMap":{},"fnMap":{},"branchMap":{},"s":{},"f":{},"b":{},"all":true},"G:\\facul_project\\TrabalhoInterdisciplinar\\plf-es-2025-1-ti5-0492100-carpool\\code\\mobile\\src\\hooks\\registerRide\\useMapAnimations.js":{"path":"G:\\facul_project\\TrabalhoInterdisciplinar\\plf-es-2025-1-ti5-0492100-carpool\\code\\mobile\\src\\hooks\\registerRide\\useMapAnimations.js","statementMap":{"0":{"start":{"line":8,"column":32},"end":{"line":57,"column":1}},"1":{"start":{"line":10,"column":30},"end":{"line":10,"column":47}},"2":{"start":{"line":11,"column":32},"end":{"line":11,"column":49}},"3":{"start":{"line":12,"column":35},"end":{"line":12,"column":52}},"4":{"start":{"line":15,"column":30},"end":{"line":23,"column":4}},"5":{"start":{"line":16,"column":4},"end":{"line":22,"column":6}},"6":{"start":{"line":26,"column":27},"end":{"line":43,"column":76}},"7":{"start":{"line":27,"column":4},"end":{"line":42,"column":5}},"8":{"start":{"line":29,"column":6},"end":{"line":29,"column":81}},"9":{"start":{"line":30,"column":6},"end":{"line":30,"column":69}},"10":{"start":{"line":31,"column":6},"end":{"line":31,"column":86}},"11":{"start":{"line":32,"column":11},"end":{"line":42,"column":5}},"12":{"start":{"line":34,"column":6},"end":{"line":34,"column":83}},"13":{"start":{"line":35,"column":6},"end":{"line":35,"column":71}},"14":{"start":{"line":36,"column":6},"end":{"line":36,"column":88}},"15":{"start":{"line":39,"column":6},"end":{"line":39,"column":83}},"16":{"start":{"line":40,"column":6},"end":{"line":40,"column":71}},"17":{"start":{"line":41,"column":6},"end":{"line":41,"column":88}},"18":{"start":{"line":46,"column":25},"end":{"line":50,"column":27}},"19":{"start":{"line":47,"column":4},"end":{"line":49,"column":7}},"20":{"start":{"line":48,"column":6},"end":{"line":48,"column":81}},"21":{"start":{"line":52,"column":2},"end":{"line":56,"column":4}}},"fnMap":{"0":{"name":"(anonymous_0)","decl":{"start":{"line":8,"column":32},"end":{"line":8,"column":33}},"loc":{"start":{"line":8,"column":38},"end":{"line":57,"column":1}},"line":8},"1":{"name":"(anonymous_1)","decl":{"start":{"line":15,"column":47},"end":{"line":15,"column":48}},"loc":{"start":{"line":15,"column":53},"end":{"line":23,"column":3}},"line":15},"2":{"name":"(anonymous_2)","decl":{"start":{"line":26,"column":39},"end":{"line":26,"column":40}},"loc":{"start":{"line":26,"column":61},"end":{"line":43,"column":3}},"line":26},"3":{"name":"(anonymous_3)","decl":{"start":{"line":46,"column":37},"end":{"line":46,"column":38}},"loc":{"start":{"line":46,"column":43},"end":{"line":50,"column":3}},"line":46},"4":{"name":"(anonymous_4)","decl":{"start":{"line":47,"column":81},"end":{"line":47,"column":82}},"loc":{"start":{"line":47,"column":87},"end":{"line":49,"column":5}},"line":47}},"branchMap":{"0":{"loc":{"start":{"line":27,"column":4},"end":{"line":42,"column":5}},"type":"if","locations":[{"start":{"line":27,"column":4},"end":{"line":42,"column":5}},{"start":{"line":32,"column":11},"end":{"line":42,"column":5}}],"line":27},"1":{"loc":{"start":{"line":32,"column":11},"end":{"line":42,"column":5}},"type":"if","locations":[{"start":{"line":32,"column":11},"end":{"line":42,"column":5}},{"start":{"line":37,"column":11},"end":{"line":42,"column":5}}],"line":32}},"s":{"0":0,"1":0,"2":0,"3":0,"4":0,"5":0,"6":0,"7":0,"8":0,"9":0,"10":0,"11":0,"12":0,"13":0,"14":0,"15":0,"16":0,"17":0,"18":0,"19":0,"20":0,"21":0},"f":{"0":0,"1":0,"2":0,"3":0,"4":0},"b":{"0":[0,0],"1":[0,0]},"all":true},"G:\\facul_project\\TrabalhoInterdisciplinar\\plf-es-2025-1-ti5-0492100-carpool\\code\\mobile\\src\\hooks\\useApi.js":{"path":"G:\\facul_project\\TrabalhoInterdisciplinar\\plf-es-2025-1-ti5-0492100-carpool\\code\\mobile\\src\\hooks\\useApi.js","statementMap":{"0":{"start":{"line":7,"column":15},"end":{"line":133,"column":1}},"1":{"start":{"line":8,"column":36},"end":{"line":8,"column":51}},"2":{"start":{"line":9,"column":28},"end":{"line":9,"column":42}},"3":{"start":{"line":17,"column":14},"end":{"line":37,"column":3}},"4":{"start":{"line":18,"column":4},"end":{"line":18,"column":23}},"5":{"start":{"line":19,"column":4},"end":{"line":19,"column":19}},"6":{"start":{"line":21,"column":4},"end":{"line":36,"column":5}},"7":{"start":{"line":22,"column":21},"end":{"line":22,"column":59}},"8":{"start":{"line":24,"column":6},"end":{"line":27,"column":7}},"9":{"start":{"line":25,"column":8},"end":{"line":25,"column":39}},"10":{"start":{"line":26,"column":8},"end":{"line":26,"column":55}},"11":{"start":{"line":29,"column":6},"end":{"line":29,"column":50}},"12":{"start":{"line":31,"column":23},"end":{"line":31,"column":45}},"13":{"start":{"line":32,"column":6},"end":{"line":32,"column":25}},"14":{"start":{"line":33,"column":6},"end":{"line":33,"column":62}},"15":{"start":{"line":35,"column":6},"end":{"line":35,"column":26}},"16":{"start":{"line":46,"column":15},"end":{"line":66,"column":3}},"17":{"start":{"line":47,"column":4},"end":{"line":47,"column":23}},"18":{"start":{"line":48,"column":4},"end":{"line":48,"column":19}},"19":{"start":{"line":50,"column":4},"end":{"line":65,"column":5}},"20":{"start":{"line":51,"column":21},"end":{"line":51,"column":66}},"21":{"start":{"line":53,"column":6},"end":{"line":56,"column":7}},"22":{"start":{"line":54,"column":8},"end":{"line":54,"column":39}},"23":{"start":{"line":55,"column":8},"end":{"line":55,"column":55}},"24":{"start":{"line":58,"column":6},"end":{"line":58,"column":50}},"25":{"start":{"line":60,"column":23},"end":{"line":60,"column":45}},"26":{"start":{"line":61,"column":6},"end":{"line":61,"column":25}},"27":{"start":{"line":62,"column":6},"end":{"line":62,"column":62}},"28":{"start":{"line":64,"column":6},"end":{"line":64,"column":26}},"29":{"start":{"line":75,"column":14},"end":{"line":95,"column":3}},"30":{"start":{"line":76,"column":4},"end":{"line":76,"column":23}},"31":{"start":{"line":77,"column":4},"end":{"line":77,"column":19}},"32":{"start":{"line":79,"column":4},"end":{"line":94,"column":5}},"33":{"start":{"line":80,"column":21},"end":{"line":80,"column":65}},"34":{"start":{"line":82,"column":6},"end":{"line":85,"column":7}},"35":{"start":{"line":83,"column":8},"end":{"line":83,"column":39}},"36":{"start":{"line":84,"column":8},"end":{"line":84,"column":55}},"37":{"start":{"line":87,"column":6},"end":{"line":87,"column":50}},"38":{"start":{"line":89,"column":23},"end":{"line":89,"column":48}},"39":{"start":{"line":90,"column":6},"end":{"line":90,"column":25}},"40":{"start":{"line":91,"column":6},"end":{"line":91,"column":62}},"41":{"start":{"line":93,"column":6},"end":{"line":93,"column":26}},"42":{"start":{"line":103,"column":14},"end":{"line":123,"column":3}},"43":{"start":{"line":104,"column":4},"end":{"line":104,"column":23}},"44":{"start":{"line":105,"column":4},"end":{"line":105,"column":19}},"45":{"start":{"line":107,"column":4},"end":{"line":122,"column":5}},"46":{"start":{"line":108,"column":21},"end":{"line":108,"column":62}},"47":{"start":{"line":110,"column":6},"end":{"line":113,"column":7}},"48":{"start":{"line":111,"column":8},"end":{"line":111,"column":39}},"49":{"start":{"line":112,"column":8},"end":{"line":112,"column":55}},"50":{"start":{"line":115,"column":6},"end":{"line":115,"column":50}},"51":{"start":{"line":117,"column":23},"end":{"line":117,"column":46}},"52":{"start":{"line":118,"column":6},"end":{"line":118,"column":25}},"53":{"start":{"line":119,"column":6},"end":{"line":119,"column":62}},"54":{"start":{"line":121,"column":6},"end":{"line":121,"column":26}},"55":{"start":{"line":125,"column":2},"end":{"line":132,"column":4}}},"fnMap":{"0":{"name":"(anonymous_0)","decl":{"start":{"line":7,"column":15},"end":{"line":7,"column":16}},"loc":{"start":{"line":7,"column":21},"end":{"line":133,"column":1}},"line":7},"1":{"name":"(anonymous_1)","decl":{"start":{"line":17,"column":14},"end":{"line":17,"column":15}},"loc":{"start":{"line":17,"column":48},"end":{"line":37,"column":3}},"line":17},"2":{"name":"(anonymous_2)","decl":{"start":{"line":46,"column":15},"end":{"line":46,"column":16}},"loc":{"start":{"line":46,"column":55},"end":{"line":66,"column":3}},"line":46},"3":{"name":"(anonymous_3)","decl":{"start":{"line":75,"column":14},"end":{"line":75,"column":15}},"loc":{"start":{"line":75,"column":54},"end":{"line":95,"column":3}},"line":75},"4":{"name":"(anonymous_4)","decl":{"start":{"line":103,"column":14},"end":{"line":103,"column":15}},"loc":{"start":{"line":103,"column":48},"end":{"line":123,"column":3}},"line":103}},"branchMap":{"0":{"loc":{"start":{"line":17,"column":31},"end":{"line":17,"column":43}},"type":"default-arg","locations":[{"start":{"line":17,"column":41},"end":{"line":17,"column":43}}],"line":17},"1":{"loc":{"start":{"line":24,"column":6},"end":{"line":27,"column":7}},"type":"if","locations":[{"start":{"line":24,"column":6},"end":{"line":27,"column":7}},{"start":{},"end":{}}],"line":24},"2":{"loc":{"start":{"line":46,"column":38},"end":{"line":46,"column":50}},"type":"default-arg","locations":[{"start":{"line":46,"column":48},"end":{"line":46,"column":50}}],"line":46},"3":{"loc":{"start":{"line":53,"column":6},"end":{"line":56,"column":7}},"type":"if","locations":[{"start":{"line":53,"column":6},"end":{"line":56,"column":7}},{"start":{},"end":{}}],"line":53},"4":{"loc":{"start":{"line":75,"column":37},"end":{"line":75,"column":49}},"type":"default-arg","locations":[{"start":{"line":75,"column":47},"end":{"line":75,"column":49}}],"line":75},"5":{"loc":{"start":{"line":82,"column":6},"end":{"line":85,"column":7}},"type":"if","locations":[{"start":{"line":82,"column":6},"end":{"line":85,"column":7}},{"start":{},"end":{}}],"line":82},"6":{"loc":{"start":{"line":103,"column":31},"end":{"line":103,"column":43}},"type":"default-arg","locations":[{"start":{"line":103,"column":41},"end":{"line":103,"column":43}}],"line":103},"7":{"loc":{"start":{"line":110,"column":6},"end":{"line":113,"column":7}},"type":"if","locations":[{"start":{"line":110,"column":6},"end":{"line":113,"column":7}},{"start":{},"end":{}}],"line":110}},"s":{"0":0,"1":0,"2":0,"3":0,"4":0,"5":0,"6":0,"7":0,"8":0,"9":0,"10":0,"11":0,"12":0,"13":0,"14":0,"15":0,"16":0,"17":0,"18":0,"19":0,"20":0,"21":0,"22":0,"23":0,"24":0,"25":0,"26":0,"27":0,"28":0,"29":0,"30":0,"31":0,"32":0,"33":0,"34":0,"35":0,"36":0,"37":0,"38":0,"39":0,"40":0,"41":0,"42":0,"43":0,"44":0,"45":0,"46":0,"47":0,"48":0,"49":0,"50":0,"51":0,"52":0,"53":0,"54":0,"55":0},"f":{"0":0,"1":0,"2":0,"3":0,"4":0},"b":{"0":[0],"1":[0,0],"2":[0],"3":[0,0],"4":[0],"5":[0,0],"6":[0],"7":[0,0]},"all":true},"G:\\facul_project\\TrabalhoInterdisciplinar\\plf-es-2025-1-ti5-0492100-carpool\\code\\mobile\\src\\hooks\\useDatePicker.js":{"path":"G:\\facul_project\\TrabalhoInterdisciplinar\\plf-es-2025-1-ti5-0492100-carpool\\code\\mobile\\src\\hooks\\useDatePicker.js","statementMap":{"0":{"start":{"line":3,"column":22},"end":{"line":85,"column":1}},"1":{"start":{"line":4,"column":24},"end":{"line":4,"column":102}},"2":{"start":{"line":5,"column":28},"end":{"line":5,"column":113}},"3":{"start":{"line":6,"column":26},"end":{"line":6,"column":91}},"4":{"start":{"line":7,"column":44},"end":{"line":7,"column":59}},"5":{"start":{"line":9,"column":17},"end":{"line":22,"column":3}},"6":{"start":{"line":24,"column":30},"end":{"line":28,"column":3}},"7":{"start":{"line":25,"column":4},"end":{"line":25,"column":43}},"8":{"start":{"line":25,"column":33},"end":{"line":25,"column":43}},"9":{"start":{"line":26,"column":22},"end":{"line":26,"column":73}},"10":{"start":{"line":26,"column":39},"end":{"line":26,"column":56}},"11":{"start":{"line":27,"column":4},"end":{"line":27,"column":47}},"12":{"start":{"line":30,"column":26},"end":{"line":33,"column":3}},"13":{"start":{"line":31,"column":4},"end":{"line":31,"column":43}},"14":{"start":{"line":31,"column":33},"end":{"line":31,"column":43}},"15":{"start":{"line":32,"column":4},"end":{"line":32,"column":37}},"16":{"start":{"line":35,"column":23},"end":{"line":63,"column":3}},"17":{"start":{"line":36,"column":4},"end":{"line":38,"column":5}},"18":{"start":{"line":37,"column":6},"end":{"line":37,"column":53}},"19":{"start":{"line":41,"column":20},"end":{"line":41,"column":55}},"20":{"start":{"line":42,"column":4},"end":{"line":44,"column":5}},"21":{"start":{"line":43,"column":6},"end":{"line":43,"column":39}},"22":{"start":{"line":47,"column":4},"end":{"line":60,"column":5}},"23":{"start":{"line":48,"column":20},"end":{"line":48,"column":30}},"24":{"start":{"line":49,"column":24},"end":{"line":49,"column":59}},"25":{"start":{"line":50,"column":18},"end":{"line":50,"column":63}},"26":{"start":{"line":51,"column":16},"end":{"line":51,"column":55}},"27":{"start":{"line":53,"column":6},"end":{"line":59,"column":7}},"28":{"start":{"line":54,"column":8},"end":{"line":56,"column":9}},"29":{"start":{"line":55,"column":10},"end":{"line":55,"column":69}},"30":{"start":{"line":57,"column":13},"end":{"line":59,"column":7}},"31":{"start":{"line":58,"column":8},"end":{"line":58,"column":67}},"32":{"start":{"line":62,"column":4},"end":{"line":62,"column":16}},"33":{"start":{"line":65,"column":16},"end":{"line":69,"column":3}},"34":{"start":{"line":66,"column":4},"end":{"line":66,"column":15}},"35":{"start":{"line":67,"column":4},"end":{"line":67,"column":17}},"36":{"start":{"line":68,"column":4},"end":{"line":68,"column":16}},"37":{"start":{"line":71,"column":2},"end":{"line":84,"column":4}}},"fnMap":{"0":{"name":"(anonymous_0)","decl":{"start":{"line":3,"column":22},"end":{"line":3,"column":23}},"loc":{"start":{"line":3,"column":46},"end":{"line":85,"column":1}},"line":3},"1":{"name":"(anonymous_1)","decl":{"start":{"line":24,"column":30},"end":{"line":24,"column":31}},"loc":{"start":{"line":24,"column":36},"end":{"line":28,"column":3}},"line":24},"2":{"name":"(anonymous_2)","decl":{"start":{"line":26,"column":34},"end":{"line":26,"column":35}},"loc":{"start":{"line":26,"column":39},"end":{"line":26,"column":56}},"line":26},"3":{"name":"(anonymous_3)","decl":{"start":{"line":30,"column":26},"end":{"line":30,"column":27}},"loc":{"start":{"line":30,"column":32},"end":{"line":33,"column":3}},"line":30},"4":{"name":"(anonymous_4)","decl":{"start":{"line":35,"column":23},"end":{"line":35,"column":24}},"loc":{"start":{"line":35,"column":42},"end":{"line":63,"column":3}},"line":35},"5":{"name":"(anonymous_5)","decl":{"start":{"line":65,"column":16},"end":{"line":65,"column":17}},"loc":{"start":{"line":65,"column":22},"end":{"line":69,"column":3}},"line":65}},"branchMap":{"0":{"loc":{"start":{"line":3,"column":23},"end":{"line":3,"column":41}},"type":"default-arg","locations":[{"start":{"line":3,"column":37},"end":{"line":3,"column":41}}],"line":3},"1":{"loc":{"start":{"line":4,"column":33},"end":{"line":4,"column":101}},"type":"cond-expr","locations":[{"start":{"line":4,"column":47},"end":{"line":4,"column":96}},{"start":{"line":4,"column":99},"end":{"line":4,"column":101}}],"line":4},"2":{"loc":{"start":{"line":5,"column":37},"end":{"line":5,"column":112}},"type":"cond-expr","locations":[{"start":{"line":5,"column":51},"end":{"line":5,"column":107}},{"start":{"line":5,"column":110},"end":{"line":5,"column":112}}],"line":5},"3":{"loc":{"start":{"line":6,"column":35},"end":{"line":6,"column":90}},"type":"cond-expr","locations":[{"start":{"line":6,"column":49},"end":{"line":6,"column":85}},{"start":{"line":6,"column":88},"end":{"line":6,"column":90}}],"line":6},"4":{"loc":{"start":{"line":25,"column":4},"end":{"line":25,"column":43}},"type":"if","locations":[{"start":{"line":25,"column":4},"end":{"line":25,"column":43}},{"start":{},"end":{}}],"line":25},"5":{"loc":{"start":{"line":25,"column":8},"end":{"line":25,"column":31}},"type":"binary-expr","locations":[{"start":{"line":25,"column":8},"end":{"line":25,"column":12}},{"start":{"line":25,"column":16},"end":{"line":25,"column":22}},{"start":{"line":25,"column":26},"end":{"line":25,"column":31}}],"line":25},"6":{"loc":{"start":{"line":26,"column":22},"end":{"line":26,"column":73}},"type":"binary-expr","locations":[{"start":{"line":26,"column":22},"end":{"line":26,"column":64}},{"start":{"line":26,"column":68},"end":{"line":26,"column":73}}],"line":26},"7":{"loc":{"start":{"line":31,"column":4},"end":{"line":31,"column":43}},"type":"if","locations":[{"start":{"line":31,"column":4},"end":{"line":31,"column":43}},{"start":{},"end":{}}],"line":31},"8":{"loc":{"start":{"line":31,"column":8},"end":{"line":31,"column":31}},"type":"binary-expr","locations":[{"start":{"line":31,"column":8},"end":{"line":31,"column":12}},{"start":{"line":31,"column":16},"end":{"line":31,"column":22}},{"start":{"line":31,"column":26},"end":{"line":31,"column":31}}],"line":31},"9":{"loc":{"start":{"line":35,"column":24},"end":{"line":35,"column":37}},"type":"default-arg","locations":[{"start":{"line":35,"column":33},"end":{"line":35,"column":37}}],"line":35},"10":{"loc":{"start":{"line":36,"column":4},"end":{"line":38,"column":5}},"type":"if","locations":[{"start":{"line":36,"column":4},"end":{"line":38,"column":5}},{"start":{},"end":{}}],"line":36},"11":{"loc":{"start":{"line":36,"column":8},"end":{"line":36,"column":31}},"type":"binary-expr","locations":[{"start":{"line":36,"column":8},"end":{"line":36,"column":12}},{"start":{"line":36,"column":16},"end":{"line":36,"column":22}},{"start":{"line":36,"column":26},"end":{"line":36,"column":31}}],"line":36},"12":{"loc":{"start":{"line":42,"column":4},"end":{"line":44,"column":5}},"type":"if","locations":[{"start":{"line":42,"column":4},"end":{"line":44,"column":5}},{"start":{},"end":{}}],"line":42},"13":{"loc":{"start":{"line":47,"column":4},"end":{"line":60,"column":5}},"type":"if","locations":[{"start":{"line":47,"column":4},"end":{"line":60,"column":5}},{"start":{},"end":{}}],"line":47},"14":{"loc":{"start":{"line":53,"column":6},"end":{"line":59,"column":7}},"type":"if","locations":[{"start":{"line":53,"column":6},"end":{"line":59,"column":7}},{"start":{"line":57,"column":13},"end":{"line":59,"column":7}}],"line":53},"15":{"loc":{"start":{"line":53,"column":10},"end":{"line":53,"column":69}},"type":"binary-expr","locations":[{"start":{"line":53,"column":10},"end":{"line":53,"column":15}},{"start":{"line":53,"column":20},"end":{"line":53,"column":27}},{"start":{"line":53,"column":31},"end":{"line":53,"column":68}}],"line":53},"16":{"loc":{"start":{"line":54,"column":8},"end":{"line":56,"column":9}},"type":"if","locations":[{"start":{"line":54,"column":8},"end":{"line":56,"column":9}},{"start":{},"end":{}}],"line":54},"17":{"loc":{"start":{"line":57,"column":13},"end":{"line":59,"column":7}},"type":"if","locations":[{"start":{"line":57,"column":13},"end":{"line":59,"column":7}},{"start":{},"end":{}}],"line":57}},"s":{"0":0,"1":0,"2":0,"3":0,"4":0,"5":0,"6":0,"7":0,"8":0,"9":0,"10":0,"11":0,"12":0,"13":0,"14":0,"15":0,"16":0,"17":0,"18":0,"19":0,"20":0,"21":0,"22":0,"23":0,"24":0,"25":0,"26":0,"27":0,"28":0,"29":0,"30":0,"31":0,"32":0,"33":0,"34":0,"35":0,"36":0,"37":0},"f":{"0":0,"1":0,"2":0,"3":0,"4":0,"5":0},"b":{"0":[0],"1":[0,0],"2":[0,0],"3":[0,0],"4":[0,0],"5":[0,0,0],"6":[0,0],"7":[0,0],"8":[0,0,0],"9":[0],"10":[0,0],"11":[0,0,0],"12":[0,0],"13":[0,0],"14":[0,0],"15":[0,0,0],"16":[0,0],"17":[0,0]},"all":true},"G:\\facul_project\\TrabalhoInterdisciplinar\\plf-es-2025-1-ti5-0492100-carpool\\code\\mobile\\src\\hooks\\useToastNotifications.js":{"path":"G:\\facul_project\\TrabalhoInterdisciplinar\\plf-es-2025-1-ti5-0492100-carpool\\code\\mobile\\src\\hooks\\useToastNotifications.js","statementMap":{"0":{"start":{"line":7,"column":37},"end":{"line":101,"column":1}},"1":{"start":{"line":8,"column":24},"end":{"line":8,"column":34}},"2":{"start":{"line":10,"column":22},"end":{"line":17,"column":3}},"3":{"start":{"line":11,"column":4},"end":{"line":16,"column":7}},"4":{"start":{"line":19,"column":20},"end":{"line":26,"column":3}},"5":{"start":{"line":20,"column":4},"end":{"line":25,"column":7}},"6":{"start":{"line":28,"column":22},"end":{"line":35,"column":3}},"7":{"start":{"line":29,"column":4},"end":{"line":34,"column":7}},"8":{"start":{"line":37,"column":19},"end":{"line":44,"column":3}},"9":{"start":{"line":38,"column":4},"end":{"line":43,"column":7}},"10":{"start":{"line":46,"column":27},"end":{"line":69,"column":3}},"11":{"start":{"line":47,"column":17},"end":{"line":50,"column":6}},"12":{"start":{"line":52,"column":4},"end":{"line":58,"column":7}},"13":{"start":{"line":60,"column":4},"end":{"line":68,"column":7}},"14":{"start":{"line":71,"column":28},"end":{"line":79,"column":3}},"15":{"start":{"line":72,"column":4},"end":{"line":78,"column":7}},"16":{"start":{"line":81,"column":28},"end":{"line":89,"column":3}},"17":{"start":{"line":82,"column":4},"end":{"line":88,"column":7}},"18":{"start":{"line":91,"column":2},"end":{"line":100,"column":4}}},"fnMap":{"0":{"name":"(anonymous_0)","decl":{"start":{"line":7,"column":37},"end":{"line":7,"column":38}},"loc":{"start":{"line":7,"column":43},"end":{"line":101,"column":1}},"line":7},"1":{"name":"(anonymous_1)","decl":{"start":{"line":10,"column":22},"end":{"line":10,"column":23}},"loc":{"start":{"line":10,"column":54},"end":{"line":17,"column":3}},"line":10},"2":{"name":"(anonymous_2)","decl":{"start":{"line":19,"column":20},"end":{"line":19,"column":21}},"loc":{"start":{"line":19,"column":49},"end":{"line":26,"column":3}},"line":19},"3":{"name":"(anonymous_3)","decl":{"start":{"line":28,"column":22},"end":{"line":28,"column":23}},"loc":{"start":{"line":28,"column":54},"end":{"line":35,"column":3}},"line":28},"4":{"name":"(anonymous_4)","decl":{"start":{"line":37,"column":19},"end":{"line":37,"column":20}},"loc":{"start":{"line":37,"column":54},"end":{"line":44,"column":3}},"line":37},"5":{"name":"(anonymous_5)","decl":{"start":{"line":46,"column":27},"end":{"line":46,"column":28}},"loc":{"start":{"line":46,"column":66},"end":{"line":69,"column":3}},"line":46},"6":{"name":"(anonymous_6)","decl":{"start":{"line":71,"column":28},"end":{"line":71,"column":29}},"loc":{"start":{"line":71,"column":57},"end":{"line":79,"column":3}},"line":71},"7":{"name":"(anonymous_7)","decl":{"start":{"line":81,"column":28},"end":{"line":81,"column":29}},"loc":{"start":{"line":81,"column":57},"end":{"line":89,"column":3}},"line":81}},"branchMap":{"0":{"loc":{"start":{"line":10,"column":32},"end":{"line":10,"column":49}},"type":"default-arg","locations":[{"start":{"line":10,"column":40},"end":{"line":10,"column":49}}],"line":10},"1":{"loc":{"start":{"line":19,"column":30},"end":{"line":19,"column":44}},"type":"default-arg","locations":[{"start":{"line":19,"column":38},"end":{"line":19,"column":44}}],"line":19},"2":{"loc":{"start":{"line":28,"column":32},"end":{"line":28,"column":49}},"type":"default-arg","locations":[{"start":{"line":28,"column":40},"end":{"line":28,"column":49}}],"line":28},"3":{"loc":{"start":{"line":37,"column":29},"end":{"line":37,"column":49}},"type":"default-arg","locations":[{"start":{"line":37,"column":37},"end":{"line":37,"column":49}}],"line":37}},"s":{"0":0,"1":0,"2":0,"3":0,"4":0,"5":0,"6":0,"7":0,"8":0,"9":0,"10":0,"11":0,"12":0,"13":0,"14":0,"15":0,"16":0,"17":0,"18":0},"f":{"0":0,"1":0,"2":0,"3":0,"4":0,"5":0,"6":0,"7":0},"b":{"0":[0],"1":[0],"2":[0],"3":[0]},"all":true},"G:\\facul_project\\TrabalhoInterdisciplinar\\plf-es-2025-1-ti5-0492100-carpool\\code\\mobile\\src\\services\\api\\apiClient.js":{"path":"G:\\facul_project\\TrabalhoInterdisciplinar\\plf-es-2025-1-ti5-0492100-carpool\\code\\mobile\\src\\services\\api\\apiClient.js","statementMap":{"0":{"start":{"line":6,"column":19},"end":{"line":9,"column":1}},"1":{"start":{"line":8,"column":2},"end":{"line":8,"column":81}},"2":{"start":{"line":11,"column":24},"end":{"line":11,"column":36}},"3":{"start":{"line":14,"column":23},"end":{"line":17,"column":1}},"4":{"start":{"line":20,"column":22},"end":{"line":24,"column":2}},"5":{"start":{"line":27,"column":36},"end":{"line":40,"column":1}},"6":{"start":{"line":29,"column":2},"end":{"line":31,"column":3}},"7":{"start":{"line":30,"column":4},"end":{"line":30,"column":43}},"8":{"start":{"line":34,"column":2},"end":{"line":36,"column":3}},"9":{"start":{"line":35,"column":4},"end":{"line":35,"column":49}},"10":{"start":{"line":39,"column":2},"end":{"line":39,"column":56}},"11":{"start":{"line":43,"column":23},"end":{"line":50,"column":1}},"12":{"start":{"line":44,"column":2},"end":{"line":49,"column":4}},"13":{"start":{"line":53,"column":20},"end":{"line":114,"column":1}},"14":{"start":{"line":55,"column":2},"end":{"line":61,"column":5}},"15":{"start":{"line":64,"column":21},"end":{"line":64,"column":54}},"16":{"start":{"line":65,"column":19},"end":{"line":65,"column":22}},"17":{"start":{"line":66,"column":18},"end":{"line":66,"column":22}},"18":{"start":{"line":67,"column":21},"end":{"line":67,"column":25}},"19":{"start":{"line":69,"column":2},"end":{"line":102,"column":3}},"20":{"start":{"line":71,"column":4},"end":{"line":71,"column":39}},"21":{"start":{"line":74,"column":22},"end":{"line":74,"column":41}},"22":{"start":{"line":76,"column":4},"end":{"line":87,"column":5}},"23":{"start":{"line":78,"column":6},"end":{"line":86,"column":7}},"24":{"start":{"line":79,"column":8},"end":{"line":79,"column":37}},"25":{"start":{"line":80,"column":8},"end":{"line":80,"column":33}},"26":{"start":{"line":83,"column":11},"end":{"line":86,"column":7}},"27":{"start":{"line":84,"column":8},"end":{"line":84,"column":42}},"28":{"start":{"line":85,"column":8},"end":{"line":85,"column":38}},"29":{"start":{"line":90,"column":4},"end":{"line":90,"column":70}},"30":{"start":{"line":92,"column":9},"end":{"line":102,"column":3}},"31":{"start":{"line":94,"column":4},"end":{"line":94,"column":58}},"32":{"start":{"line":95,"column":9},"end":{"line":102,"column":3}},"33":{"start":{"line":97,"column":4},"end":{"line":101,"column":5}},"34":{"start":{"line":98,"column":6},"end":{"line":98,"column":57}},"35":{"start":{"line":99,"column":11},"end":{"line":101,"column":5}},"36":{"start":{"line":100,"column":6},"end":{"line":100,"column":57}},"37":{"start":{"line":104,"column":2},"end":{"line":113,"column":4}},"38":{"start":{"line":117,"column":25},"end":{"line":209,"column":1}},"39":{"start":{"line":120,"column":4},"end":{"line":125,"column":5}},"40":{"start":{"line":121,"column":23},"end":{"line":121,"column":65}},"41":{"start":{"line":122,"column":6},"end":{"line":122,"column":38}},"42":{"start":{"line":124,"column":6},"end":{"line":124,"column":32}},"43":{"start":{"line":130,"column":4},"end":{"line":144,"column":5}},"44":{"start":{"line":132,"column":28},"end":{"line":138,"column":7}},"45":{"start":{"line":140,"column":23},"end":{"line":140,"column":78}},"46":{"start":{"line":141,"column":6},"end":{"line":141,"column":38}},"47":{"start":{"line":143,"column":6},"end":{"line":143,"column":32}},"48":{"start":{"line":149,"column":4},"end":{"line":163,"column":5}},"49":{"start":{"line":151,"column":28},"end":{"line":157,"column":7}},"50":{"start":{"line":159,"column":23},"end":{"line":159,"column":77}},"51":{"start":{"line":160,"column":6},"end":{"line":160,"column":38}},"52":{"start":{"line":162,"column":6},"end":{"line":162,"column":32}},"53":{"start":{"line":168,"column":4},"end":{"line":184,"column":5}},"54":{"start":{"line":170,"column":25},"end":{"line":170,"column":49}},"55":{"start":{"line":172,"column":28},"end":{"line":178,"column":7}},"56":{"start":{"line":180,"column":23},"end":{"line":180,"column":79}},"57":{"start":{"line":181,"column":6},"end":{"line":181,"column":38}},"58":{"start":{"line":183,"column":6},"end":{"line":183,"column":32}},"59":{"start":{"line":189,"column":4},"end":{"line":194,"column":5}},"60":{"start":{"line":190,"column":23},"end":{"line":190,"column":68}},"61":{"start":{"line":191,"column":6},"end":{"line":191,"column":38}},"62":{"start":{"line":193,"column":6},"end":{"line":193,"column":32}},"63":{"start":{"line":199,"column":4},"end":{"line":199,"column":43}},"64":{"start":{"line":199,"column":16},"end":{"line":199,"column":43}},"65":{"start":{"line":201,"column":4},"end":{"line":201,"column":48}},"66":{"start":{"line":201,"column":35},"end":{"line":201,"column":48}},"67":{"start":{"line":203,"column":4},"end":{"line":203,"column":44}},"68":{"start":{"line":203,"column":23},"end":{"line":203,"column":44}},"69":{"start":{"line":205,"column":4},"end":{"line":205,"column":71}},"70":{"start":{"line":205,"column":44},"end":{"line":205,"column":71}},"71":{"start":{"line":207,"column":4},"end":{"line":207,"column":47}},"72":{"start":{"line":217,"column":32},"end":{"line":247,"column":1}},"73":{"start":{"line":218,"column":2},"end":{"line":246,"column":3}},"74":{"start":{"line":219,"column":21},"end":{"line":225,"column":6}},"75":{"start":{"line":227,"column":25},"end":{"line":227,"column":46}},"76":{"start":{"line":229,"column":4},"end":{"line":239,"column":5}},"77":{"start":{"line":230,"column":6},"end":{"line":233,"column":8}},"78":{"start":{"line":235,"column":6},"end":{"line":238,"column":8}},"79":{"start":{"line":241,"column":4},"end":{"line":241,"column":59}},"80":{"start":{"line":242,"column":4},"end":{"line":245,"column":6}},"81":{"start":{"line":249,"column":30},"end":{"line":289,"column":1}},"82":{"start":{"line":250,"column":2},"end":{"line":288,"column":3}},"83":{"start":{"line":252,"column":19},"end":{"line":252,"column":40}},"84":{"start":{"line":253,"column":4},"end":{"line":253,"column":80}},"85":{"start":{"line":253,"column":43},"end":{"line":253,"column":80}},"86":{"start":{"line":254,"column":4},"end":{"line":254,"column":80}},"87":{"start":{"line":254,"column":43},"end":{"line":254,"column":80}},"88":{"start":{"line":255,"column":4},"end":{"line":257,"column":5}},"89":{"start":{"line":256,"column":6},"end":{"line":256,"column":75}},"90":{"start":{"line":256,"column":41},"end":{"line":256,"column":73}},"91":{"start":{"line":259,"column":16},"end":{"line":259,"column":112}},"92":{"start":{"line":261,"column":21},"end":{"line":267,"column":6}},"93":{"start":{"line":269,"column":25},"end":{"line":269,"column":46}},"94":{"start":{"line":271,"column":4},"end":{"line":281,"column":5}},"95":{"start":{"line":272,"column":6},"end":{"line":275,"column":8}},"96":{"start":{"line":277,"column":6},"end":{"line":280,"column":8}},"97":{"start":{"line":283,"column":4},"end":{"line":283,"column":57}},"98":{"start":{"line":284,"column":4},"end":{"line":287,"column":6}}},"fnMap":{"0":{"name":"(anonymous_0)","decl":{"start":{"line":6,"column":19},"end":{"line":6,"column":20}},"loc":{"start":{"line":6,"column":25},"end":{"line":9,"column":1}},"line":6},"1":{"name":"(anonymous_1)","decl":{"start":{"line":27,"column":36},"end":{"line":27,"column":37}},"loc":{"start":{"line":27,"column":63},"end":{"line":40,"column":1}},"line":27},"2":{"name":"(anonymous_2)","decl":{"start":{"line":43,"column":23},"end":{"line":43,"column":24}},"loc":{"start":{"line":43,"column":37},"end":{"line":50,"column":1}},"line":43},"3":{"name":"(anonymous_3)","decl":{"start":{"line":53,"column":20},"end":{"line":53,"column":21}},"loc":{"start":{"line":53,"column":31},"end":{"line":114,"column":1}},"line":53},"4":{"name":"(anonymous_4)","decl":{"start":{"line":119,"column":7},"end":{"line":119,"column":8}},"loc":{"start":{"line":119,"column":41},"end":{"line":126,"column":3}},"line":119},"5":{"name":"(anonymous_5)","decl":{"start":{"line":129,"column":8},"end":{"line":129,"column":9}},"loc":{"start":{"line":129,"column":53},"end":{"line":145,"column":3}},"line":129},"6":{"name":"(anonymous_6)","decl":{"start":{"line":148,"column":7},"end":{"line":148,"column":8}},"loc":{"start":{"line":148,"column":52},"end":{"line":164,"column":3}},"line":148},"7":{"name":"(anonymous_7)","decl":{"start":{"line":167,"column":9},"end":{"line":167,"column":10}},"loc":{"start":{"line":167,"column":54},"end":{"line":185,"column":3}},"line":167},"8":{"name":"(anonymous_8)","decl":{"start":{"line":188,"column":10},"end":{"line":188,"column":11}},"loc":{"start":{"line":188,"column":44},"end":{"line":195,"column":3}},"line":188},"9":{"name":"(anonymous_9)","decl":{"start":{"line":198,"column":19},"end":{"line":198,"column":20}},"loc":{"start":{"line":198,"column":30},"end":{"line":208,"column":3}},"line":198},"10":{"name":"(anonymous_10)","decl":{"start":{"line":217,"column":32},"end":{"line":217,"column":33}},"loc":{"start":{"line":217,"column":66},"end":{"line":247,"column":1}},"line":217},"11":{"name":"(anonymous_11)","decl":{"start":{"line":249,"column":30},"end":{"line":249,"column":31}},"loc":{"start":{"line":249,"column":79},"end":{"line":289,"column":1}},"line":249},"12":{"name":"(anonymous_12)","decl":{"start":{"line":256,"column":28},"end":{"line":256,"column":29}},"loc":{"start":{"line":256,"column":41},"end":{"line":256,"column":73}},"line":256}},"branchMap":{"0":{"loc":{"start":{"line":29,"column":2},"end":{"line":31,"column":3}},"type":"if","locations":[{"start":{"line":29,"column":2},"end":{"line":31,"column":3}},{"start":{},"end":{}}],"line":29},"1":{"loc":{"start":{"line":29,"column":6},"end":{"line":29,"column":50}},"type":"binary-expr","locations":[{"start":{"line":29,"column":6},"end":{"line":29,"column":15}},{"start":{"line":29,"column":19},"end":{"line":29,"column":50}}],"line":29},"2":{"loc":{"start":{"line":34,"column":2},"end":{"line":36,"column":3}},"type":"if","locations":[{"start":{"line":34,"column":2},"end":{"line":36,"column":3}},{"start":{},"end":{}}],"line":34},"3":{"loc":{"start":{"line":34,"column":6},"end":{"line":34,"column":57}},"type":"binary-expr","locations":[{"start":{"line":34,"column":6},"end":{"line":34,"column":16}},{"start":{"line":34,"column":20},"end":{"line":34,"column":57}}],"line":34},"4":{"loc":{"start":{"line":69,"column":2},"end":{"line":102,"column":3}},"type":"if","locations":[{"start":{"line":69,"column":2},"end":{"line":102,"column":3}},{"start":{"line":92,"column":9},"end":{"line":102,"column":3}}],"line":69},"5":{"loc":{"start":{"line":76,"column":4},"end":{"line":87,"column":5}},"type":"if","locations":[{"start":{"line":76,"column":4},"end":{"line":87,"column":5}},{"start":{},"end":{}}],"line":76},"6":{"loc":{"start":{"line":78,"column":6},"end":{"line":86,"column":7}},"type":"if","locations":[{"start":{"line":78,"column":6},"end":{"line":86,"column":7}},{"start":{"line":83,"column":11},"end":{"line":86,"column":7}}],"line":78},"7":{"loc":{"start":{"line":83,"column":11},"end":{"line":86,"column":7}},"type":"if","locations":[{"start":{"line":83,"column":11},"end":{"line":86,"column":7}},{"start":{},"end":{}}],"line":83},"8":{"loc":{"start":{"line":83,"column":15},"end":{"line":83,"column":54}},"type":"binary-expr","locations":[{"start":{"line":83,"column":15},"end":{"line":83,"column":29}},{"start":{"line":83,"column":33},"end":{"line":83,"column":54}}],"line":83},"9":{"loc":{"start":{"line":92,"column":9},"end":{"line":102,"column":3}},"type":"if","locations":[{"start":{"line":92,"column":9},"end":{"line":102,"column":3}},{"start":{"line":95,"column":9},"end":{"line":102,"column":3}}],"line":92},"10":{"loc":{"start":{"line":95,"column":9},"end":{"line":102,"column":3}},"type":"if","locations":[{"start":{"line":95,"column":9},"end":{"line":102,"column":3}},{"start":{},"end":{}}],"line":95},"11":{"loc":{"start":{"line":97,"column":4},"end":{"line":101,"column":5}},"type":"if","locations":[{"start":{"line":97,"column":4},"end":{"line":101,"column":5}},{"start":{"line":99,"column":11},"end":{"line":101,"column":5}}],"line":97},"12":{"loc":{"start":{"line":99,"column":11},"end":{"line":101,"column":5}},"type":"if","locations":[{"start":{"line":99,"column":11},"end":{"line":101,"column":5}},{"start":{},"end":{}}],"line":99},"13":{"loc":{"start":{"line":119,"column":24},"end":{"line":119,"column":36}},"type":"default-arg","locations":[{"start":{"line":119,"column":34},"end":{"line":119,"column":36}}],"line":119},"14":{"loc":{"start":{"line":129,"column":25},"end":{"line":129,"column":34}},"type":"default-arg","locations":[{"start":{"line":129,"column":32},"end":{"line":129,"column":34}}],"line":129},"15":{"loc":{"start":{"line":129,"column":36},"end":{"line":129,"column":48}},"type":"default-arg","locations":[{"start":{"line":129,"column":46},"end":{"line":129,"column":48}}],"line":129},"16":{"loc":{"start":{"line":148,"column":24},"end":{"line":148,"column":33}},"type":"default-arg","locations":[{"start":{"line":148,"column":31},"end":{"line":148,"column":33}}],"line":148},"17":{"loc":{"start":{"line":148,"column":35},"end":{"line":148,"column":47}},"type":"default-arg","locations":[{"start":{"line":148,"column":45},"end":{"line":148,"column":47}}],"line":148},"18":{"loc":{"start":{"line":167,"column":26},"end":{"line":167,"column":35}},"type":"default-arg","locations":[{"start":{"line":167,"column":33},"end":{"line":167,"column":35}}],"line":167},"19":{"loc":{"start":{"line":167,"column":37},"end":{"line":167,"column":49}},"type":"default-arg","locations":[{"start":{"line":167,"column":47},"end":{"line":167,"column":49}}],"line":167},"20":{"loc":{"start":{"line":175,"column":14},"end":{"line":175,"column":46}},"type":"cond-expr","locations":[{"start":{"line":175,"column":27},"end":{"line":175,"column":29}},{"start":{"line":175,"column":32},"end":{"line":175,"column":46}}],"line":175},"21":{"loc":{"start":{"line":188,"column":27},"end":{"line":188,"column":39}},"type":"default-arg","locations":[{"start":{"line":188,"column":37},"end":{"line":188,"column":39}}],"line":188},"22":{"loc":{"start":{"line":199,"column":4},"end":{"line":199,"column":43}},"type":"if","locations":[{"start":{"line":199,"column":4},"end":{"line":199,"column":43}},{"start":{},"end":{}}],"line":199},"23":{"loc":{"start":{"line":201,"column":4},"end":{"line":201,"column":48}},"type":"if","locations":[{"start":{"line":201,"column":4},"end":{"line":201,"column":48}},{"start":{},"end":{}}],"line":201},"24":{"loc":{"start":{"line":203,"column":4},"end":{"line":203,"column":44}},"type":"if","locations":[{"start":{"line":203,"column":4},"end":{"line":203,"column":44}},{"start":{},"end":{}}],"line":203},"25":{"loc":{"start":{"line":205,"column":4},"end":{"line":205,"column":71}},"type":"if","locations":[{"start":{"line":205,"column":4},"end":{"line":205,"column":71}},{"start":{},"end":{}}],"line":205},"26":{"loc":{"start":{"line":205,"column":8},"end":{"line":205,"column":42}},"type":"binary-expr","locations":[{"start":{"line":205,"column":8},"end":{"line":205,"column":19}},{"start":{"line":205,"column":23},"end":{"line":205,"column":42}}],"line":205},"27":{"loc":{"start":{"line":229,"column":4},"end":{"line":239,"column":5}},"type":"if","locations":[{"start":{"line":229,"column":4},"end":{"line":239,"column":5}},{"start":{"line":234,"column":11},"end":{"line":239,"column":5}}],"line":229},"28":{"loc":{"start":{"line":237,"column":15},"end":{"line":237,"column":74}},"type":"binary-expr","locations":[{"start":{"line":237,"column":15},"end":{"line":237,"column":36}},{"start":{"line":237,"column":40},"end":{"line":237,"column":74}}],"line":237},"29":{"loc":{"start":{"line":249,"column":61},"end":{"line":249,"column":74}},"type":"default-arg","locations":[{"start":{"line":249,"column":72},"end":{"line":249,"column":74}}],"line":249},"30":{"loc":{"start":{"line":253,"column":4},"end":{"line":253,"column":80}},"type":"if","locations":[{"start":{"line":253,"column":4},"end":{"line":253,"column":80}},{"start":{},"end":{}}],"line":253},"31":{"loc":{"start":{"line":254,"column":4},"end":{"line":254,"column":80}},"type":"if","locations":[{"start":{"line":254,"column":4},"end":{"line":254,"column":80}},{"start":{},"end":{}}],"line":254},"32":{"loc":{"start":{"line":255,"column":4},"end":{"line":257,"column":5}},"type":"if","locations":[{"start":{"line":255,"column":4},"end":{"line":257,"column":5}},{"start":{},"end":{}}],"line":255},"33":{"loc":{"start":{"line":259,"column":62},"end":{"line":259,"column":110}},"type":"cond-expr","locations":[{"start":{"line":259,"column":82},"end":{"line":259,"column":105}},{"start":{"line":259,"column":108},"end":{"line":259,"column":110}}],"line":259},"34":{"loc":{"start":{"line":271,"column":4},"end":{"line":281,"column":5}},"type":"if","locations":[{"start":{"line":271,"column":4},"end":{"line":281,"column":5}},{"start":{"line":276,"column":11},"end":{"line":281,"column":5}}],"line":271},"35":{"loc":{"start":{"line":279,"column":15},"end":{"line":279,"column":74}},"type":"binary-expr","locations":[{"start":{"line":279,"column":15},"end":{"line":279,"column":36}},{"start":{"line":279,"column":40},"end":{"line":279,"column":74}}],"line":279}},"s":{"0":0,"1":0,"2":0,"3":0,"4":0,"5":0,"6":0,"7":0,"8":0,"9":0,"10":0,"11":0,"12":0,"13":0,"14":0,"15":0,"16":0,"17":0,"18":0,"19":0,"20":0,"21":0,"22":0,"23":0,"24":0,"25":0,"26":0,"27":0,"28":0,"29":0,"30":0,"31":0,"32":0,"33":0,"34":0,"35":0,"36":0,"37":0,"38":0,"39":0,"40":0,"41":0,"42":0,"43":0,"44":0,"45":0,"46":0,"47":0,"48":0,"49":0,"50":0,"51":0,"52":0,"53":0,"54":0,"55":0,"56":0,"57":0,"58":0,"59":0,"60":0,"61":0,"62":0,"63":0,"64":0,"65":0,"66":0,"67":0,"68":0,"69":0,"70":0,"71":0,"72":0,"73":0,"74":0,"75":0,"76":0,"77":0,"78":0,"79":0,"80":0,"81":0,"82":0,"83":0,"84":0,"85":0,"86":0,"87":0,"88":0,"89":0,"90":0,"91":0,"92":0,"93":0,"94":0,"95":0,"96":0,"97":0,"98":0},"f":{"0":0,"1":0,"2":0,"3":0,"4":0,"5":0,"6":0,"7":0,"8":0,"9":0,"10":0,"11":0,"12":0},"b":{"0":[0,0],"1":[0,0],"2":[0,0],"3":[0,0],"4":[0,0],"5":[0,0],"6":[0,0],"7":[0,0],"8":[0,0],"9":[0,0],"10":[0,0],"11":[0,0],"12":[0,0],"13":[0],"14":[0],"15":[0],"16":[0],"17":[0],"18":[0],"19":[0],"20":[0,0],"21":[0],"22":[0,0],"23":[0,0],"24":[0,0],"25":[0,0],"26":[0,0],"27":[0,0],"28":[0,0],"29":[0],"30":[0,0],"31":[0,0],"32":[0,0],"33":[0,0],"34":[0,0],"35":[0,0]},"all":true},"G:\\facul_project\\TrabalhoInterdisciplinar\\plf-es-2025-1-ti5-0492100-carpool\\code\\mobile\\src\\services\\api\\config.js":{"path":"G:\\facul_project\\TrabalhoInterdisciplinar\\plf-es-2025-1-ti5-0492100-carpool\\code\\mobile\\src\\services\\api\\config.js","statementMap":{"0":{"start":{"line":2,"column":25},"end":{"line":5,"column":1}},"1":{"start":{"line":8,"column":23},"end":{"line":10,"column":1}}},"fnMap":{},"branchMap":{},"s":{"0":0,"1":0},"f":{},"b":{},"all":true},"G:\\facul_project\\TrabalhoInterdisciplinar\\plf-es-2025-1-ti5-0492100-carpool\\code\\mobile\\src\\services\\api\\errorMessages.js":{"path":"G:\\facul_project\\TrabalhoInterdisciplinar\\plf-es-2025-1-ti5-0492100-carpool\\code\\mobile\\src\\services\\api\\errorMessages.js","statementMap":{"0":{"start":{"line":4,"column":30},"end":{"line":51,"column":1}}},"fnMap":{},"branchMap":{},"s":{"0":0},"f":{},"b":{},"all":true},"G:\\facul_project\\TrabalhoInterdisciplinar\\plf-es-2025-1-ti5-0492100-carpool\\code\\mobile\\src\\services\\api\\index.js":{"path":"G:\\facul_project\\TrabalhoInterdisciplinar\\plf-es-2025-1-ti5-0492100-carpool\\code\\mobile\\src\\services\\api\\index.js","statementMap":{},"fnMap":{},"branchMap":{},"s":{},"f":{},"b":{},"all":true},"G:\\facul_project\\TrabalhoInterdisciplinar\\plf-es-2025-1-ti5-0492100-carpool\\code\\mobile\\src\\services\\websocket\\config.js":{"path":"G:\\facul_project\\TrabalhoInterdisciplinar\\plf-es-2025-1-ti5-0492100-carpool\\code\\mobile\\src\\services\\websocket\\config.js","statementMap":{"0":{"start":{"line":4,"column":24},"end":{"line":7,"column":1}},"1":{"start":{"line":5,"column":4},"end":{"line":5,"column":19}},"2":{"start":{"line":9,"column":22},"end":{"line":9,"column":39}}},"fnMap":{"0":{"name":"(anonymous_0)","decl":{"start":{"line":4,"column":24},"end":{"line":4,"column":25}},"loc":{"start":{"line":4,"column":30},"end":{"line":7,"column":1}},"line":4}},"branchMap":{},"s":{"0":0,"1":0,"2":0},"f":{"0":0},"b":{},"all":true},"G:\\facul_project\\TrabalhoInterdisciplinar\\plf-es-2025-1-ti5-0492100-carpool\\code\\mobile\\src\\theme\\index.js":{"path":"G:\\facul_project\\TrabalhoInterdisciplinar\\plf-es-2025-1-ti5-0492100-carpool\\code\\mobile\\src\\theme\\index.js","statementMap":{"0":{"start":{"line":2,"column":22},"end":{"line":23,"column":1}},"1":{"start":{"line":26,"column":26},"end":{"line":43,"column":1}},"2":{"start":{"line":46,"column":23},"end":{"line":56,"column":1}},"3":{"start":{"line":59,"column":22},"end":{"line":66,"column":1}},"4":{"start":{"line":69,"column":23},"end":{"line":91,"column":1}}},"fnMap":{},"branchMap":{},"s":{"0":0,"1":0,"2":0,"3":0,"4":0},"f":{},"b":{},"all":true},"G:\\facul_project\\TrabalhoInterdisciplinar\\plf-es-2025-1-ti5-0492100-carpool\\code\\mobile\\src\\theme\\styles\\commonStyles.js":{"path":"G:\\facul_project\\TrabalhoInterdisciplinar\\plf-es-2025-1-ti5-0492100-carpool\\code\\mobile\\src\\theme\\styles\\commonStyles.js","statementMap":{"0":{"start":{"line":4,"column":28},"end":{"line":394,"column":2}}},"fnMap":{},"branchMap":{},"s":{"0":0},"f":{},"b":{},"all":true},"G:\\facul_project\\TrabalhoInterdisciplinar\\plf-es-2025-1-ti5-0492100-carpool\\code\\mobile\\src\\utils\\dateUtils.js":{"path":"G:\\facul_project\\TrabalhoInterdisciplinar\\plf-es-2025-1-ti5-0492100-carpool\\code\\mobile\\src\\utils\\dateUtils.js","statementMap":{"0":{"start":{"line":5,"column":14},"end":{"line":5,"column":18}},"1":{"start":{"line":7,"column":17},"end":{"line":11,"column":1}},"2":{"start":{"line":8,"column":2},"end":{"line":10,"column":3}},"3":{"start":{"line":9,"column":4},"end":{"line":9,"column":59}},"4":{"start":{"line":13,"column":17},"end":{"line":15,"column":1}},"5":{"start":{"line":14,"column":2},"end":{"line":14,"column":70}},"6":{"start":{"line":22,"column":28},"end":{"line":108,"column":1}},"7":{"start":{"line":23,"column":2},"end":{"line":26,"column":3}},"8":{"start":{"line":24,"column":4},"end":{"line":24,"column":52}},"9":{"start":{"line":25,"column":4},"end":{"line":25,"column":16}},"10":{"start":{"line":28,"column":2},"end":{"line":107,"column":3}},"11":{"start":{"line":29,"column":4},"end":{"line":29,"column":69}},"12":{"start":{"line":32,"column":4},"end":{"line":46,"column":5}},"13":{"start":{"line":33,"column":6},"end":{"line":33,"column":67}},"14":{"start":{"line":34,"column":21},"end":{"line":42,"column":7}},"15":{"start":{"line":44,"column":6},"end":{"line":44,"column":66}},"16":{"start":{"line":45,"column":6},"end":{"line":45,"column":20}},"17":{"start":{"line":49,"column":4},"end":{"line":73,"column":5}},"18":{"start":{"line":50,"column":17},"end":{"line":50,"column":36}},"19":{"start":{"line":52,"column":6},"end":{"line":55,"column":7}},"20":{"start":{"line":53,"column":8},"end":{"line":53,"column":78}},"21":{"start":{"line":54,"column":8},"end":{"line":54,"column":20}},"22":{"start":{"line":58,"column":6},"end":{"line":72,"column":7}},"23":{"start":{"line":59,"column":8},"end":{"line":59,"column":72}},"24":{"start":{"line":60,"column":22},"end":{"line":60,"column":42}},"25":{"start":{"line":61,"column":8},"end":{"line":71,"column":9}},"26":{"start":{"line":62,"column":27},"end":{"line":62,"column":46}},"27":{"start":{"line":63,"column":10},"end":{"line":70,"column":11}},"28":{"start":{"line":64,"column":28},"end":{"line":64,"column":86}},"29":{"start":{"line":65,"column":12},"end":{"line":65,"column":37}},"30":{"start":{"line":66,"column":12},"end":{"line":69,"column":13}},"31":{"start":{"line":67,"column":14},"end":{"line":67,"column":80}},"32":{"start":{"line":68,"column":14},"end":{"line":68,"column":26}},"33":{"start":{"line":76,"column":4},"end":{"line":92,"column":5}},"34":{"start":{"line":77,"column":6},"end":{"line":77,"column":72}},"35":{"start":{"line":81,"column":24},"end":{"line":81,"column":48}},"36":{"start":{"line":82,"column":24},"end":{"line":82,"column":64}},"37":{"start":{"line":84,"column":6},"end":{"line":84,"column":114}},"38":{"start":{"line":86,"column":19},"end":{"line":86,"column":38}},"39":{"start":{"line":88,"column":6},"end":{"line":91,"column":7}},"40":{"start":{"line":89,"column":8},"end":{"line":89,"column":91}},"41":{"start":{"line":90,"column":8},"end":{"line":90,"column":20}},"42":{"start":{"line":95,"column":15},"end":{"line":95,"column":34}},"43":{"start":{"line":97,"column":4},"end":{"line":100,"column":5}},"44":{"start":{"line":98,"column":6},"end":{"line":98,"column":66}},"45":{"start":{"line":99,"column":6},"end":{"line":99,"column":18}},"46":{"start":{"line":102,"column":4},"end":{"line":102,"column":70}},"47":{"start":{"line":103,"column":4},"end":{"line":103,"column":16}},"48":{"start":{"line":105,"column":4},"end":{"line":105,"column":69}},"49":{"start":{"line":106,"column":4},"end":{"line":106,"column":16}},"50":{"start":{"line":115,"column":34},"end":{"line":168,"column":1}},"51":{"start":{"line":116,"column":2},"end":{"line":116,"column":28}},"52":{"start":{"line":116,"column":18},"end":{"line":116,"column":28}},"53":{"start":{"line":118,"column":2},"end":{"line":167,"column":3}},"54":{"start":{"line":122,"column":4},"end":{"line":142,"column":5}},"55":{"start":{"line":123,"column":6},"end":{"line":131,"column":8}},"56":{"start":{"line":134,"column":9},"end":{"line":142,"column":5}},"57":{"start":{"line":136,"column":17},"end":{"line":136,"column":72}},"58":{"start":{"line":137,"column":6},"end":{"line":137,"column":26}},"59":{"start":{"line":141,"column":6},"end":{"line":141,"column":37}},"60":{"start":{"line":144,"column":4},"end":{"line":146,"column":5}},"61":{"start":{"line":145,"column":6},"end":{"line":145,"column":16}},"62":{"start":{"line":148,"column":16},"end":{"line":148,"column":26}},"63":{"start":{"line":149,"column":19},"end":{"line":149,"column":29}},"64":{"start":{"line":150,"column":21},"end":{"line":150,"column":47}},"65":{"start":{"line":151,"column":22},"end":{"line":151,"column":50}},"66":{"start":{"line":152,"column":21},"end":{"line":152,"column":50}},"67":{"start":{"line":154,"column":4},"end":{"line":154,"column":37}},"68":{"start":{"line":154,"column":22},"end":{"line":154,"column":37}},"69":{"start":{"line":155,"column":4},"end":{"line":155,"column":47}},"70":{"start":{"line":155,"column":23},"end":{"line":155,"column":47}},"71":{"start":{"line":156,"column":4},"end":{"line":156,"column":47}},"72":{"start":{"line":156,"column":24},"end":{"line":156,"column":47}},"73":{"start":{"line":157,"column":4},"end":{"line":157,"column":44}},"74":{"start":{"line":157,"column":22},"end":{"line":157,"column":44}},"75":{"start":{"line":160,"column":4},"end":{"line":163,"column":7}},"76":{"start":{"line":165,"column":4},"end":{"line":165,"column":87}},"77":{"start":{"line":166,"column":4},"end":{"line":166,"column":14}},"78":{"start":{"line":175,"column":43},"end":{"line":231,"column":1}},"79":{"start":{"line":176,"column":2},"end":{"line":176,"column":28}},"80":{"start":{"line":176,"column":18},"end":{"line":176,"column":28}},"81":{"start":{"line":178,"column":2},"end":{"line":230,"column":3}},"82":{"start":{"line":182,"column":4},"end":{"line":202,"column":5}},"83":{"start":{"line":183,"column":6},"end":{"line":191,"column":8}},"84":{"start":{"line":194,"column":9},"end":{"line":202,"column":5}},"85":{"start":{"line":196,"column":17},"end":{"line":196,"column":72}},"86":{"start":{"line":197,"column":6},"end":{"line":197,"column":26}},"87":{"start":{"line":201,"column":6},"end":{"line":201,"column":37}},"88":{"start":{"line":204,"column":4},"end":{"line":206,"column":5}},"89":{"start":{"line":205,"column":6},"end":{"line":205,"column":16}},"90":{"start":{"line":208,"column":16},"end":{"line":208,"column":26}},"91":{"start":{"line":209,"column":19},"end":{"line":209,"column":29}},"92":{"start":{"line":210,"column":21},"end":{"line":210,"column":47}},"93":{"start":{"line":211,"column":22},"end":{"line":211,"column":50}},"94":{"start":{"line":212,"column":21},"end":{"line":212,"column":50}},"95":{"start":{"line":215,"column":4},"end":{"line":215,"column":37}},"96":{"start":{"line":215,"column":22},"end":{"line":215,"column":37}},"97":{"start":{"line":216,"column":4},"end":{"line":216,"column":53}},"98":{"start":{"line":216,"column":23},"end":{"line":216,"column":53}},"99":{"start":{"line":217,"column":4},"end":{"line":217,"column":53}},"100":{"start":{"line":217,"column":24},"end":{"line":217,"column":53}},"101":{"start":{"line":218,"column":4},"end":{"line":218,"column":39}},"102":{"start":{"line":218,"column":24},"end":{"line":218,"column":39}},"103":{"start":{"line":219,"column":4},"end":{"line":219,"column":54}},"104":{"start":{"line":219,"column":22},"end":{"line":219,"column":54}},"105":{"start":{"line":222,"column":4},"end":{"line":226,"column":7}},"106":{"start":{"line":228,"column":4},"end":{"line":228,"column":105}},"107":{"start":{"line":229,"column":4},"end":{"line":229,"column":14}},"108":{"start":{"line":238,"column":40},"end":{"line":313,"column":1}},"109":{"start":{"line":239,"column":2},"end":{"line":239,"column":47}},"110":{"start":{"line":239,"column":37},"end":{"line":239,"column":47}},"111":{"start":{"line":241,"column":18},"end":{"line":241,"column":20}},"112":{"start":{"line":242,"column":16},"end":{"line":242,"column":26}},"113":{"start":{"line":243,"column":20},"end":{"line":243,"column":35}},"114":{"start":{"line":244,"column":2},"end":{"line":244,"column":45}},"115":{"start":{"line":246,"column":2},"end":{"line":301,"column":5}},"116":{"start":{"line":247,"column":22},"end":{"line":247,"column":70}},"117":{"start":{"line":251,"column":4},"end":{"line":271,"column":5}},"118":{"start":{"line":252,"column":6},"end":{"line":260,"column":8}},"119":{"start":{"line":263,"column":9},"end":{"line":271,"column":5}},"120":{"start":{"line":265,"column":17},"end":{"line":265,"column":72}},"121":{"start":{"line":266,"column":6},"end":{"line":266,"column":26}},"122":{"start":{"line":270,"column":6},"end":{"line":270,"column":37}},"123":{"start":{"line":273,"column":4},"end":{"line":273,"column":47}},"124":{"start":{"line":273,"column":40},"end":{"line":273,"column":47}},"125":{"start":{"line":276,"column":20},"end":{"line":276,"column":64}},"126":{"start":{"line":277,"column":24},"end":{"line":277,"column":72}},"127":{"start":{"line":279,"column":4},"end":{"line":295,"column":5}},"128":{"start":{"line":280,"column":6},"end":{"line":280,"column":23}},"129":{"start":{"line":281,"column":11},"end":{"line":295,"column":5}},"130":{"start":{"line":282,"column":6},"end":{"line":282,"column":24}},"131":{"start":{"line":284,"column":23},"end":{"line":284,"column":60}},"132":{"start":{"line":285,"column":6},"end":{"line":294,"column":7}},"133":{"start":{"line":286,"column":8},"end":{"line":286,"column":72}},"134":{"start":{"line":287,"column":8},"end":{"line":287,"column":69}},"135":{"start":{"line":289,"column":8},"end":{"line":293,"column":11}},"136":{"start":{"line":297,"column":4},"end":{"line":299,"column":5}},"137":{"start":{"line":298,"column":6},"end":{"line":298,"column":28}},"138":{"start":{"line":300,"column":4},"end":{"line":300,"column":40}},"139":{"start":{"line":304,"column":2},"end":{"line":312,"column":7}},"140":{"start":{"line":305,"column":29},"end":{"line":305,"column":44}},"141":{"start":{"line":307,"column":6},"end":{"line":307,"column":40}},"142":{"start":{"line":307,"column":30},"end":{"line":307,"column":40}},"143":{"start":{"line":308,"column":6},"end":{"line":308,"column":39}},"144":{"start":{"line":308,"column":30},"end":{"line":308,"column":39}},"145":{"start":{"line":309,"column":6},"end":{"line":309,"column":41}},"146":{"start":{"line":309,"column":31},"end":{"line":309,"column":41}},"147":{"start":{"line":310,"column":6},"end":{"line":310,"column":40}},"148":{"start":{"line":310,"column":31},"end":{"line":310,"column":40}},"149":{"start":{"line":311,"column":6},"end":{"line":311,"column":15}}},"fnMap":{"0":{"name":"(anonymous_0)","decl":{"start":{"line":7,"column":17},"end":{"line":7,"column":18}},"loc":{"start":{"line":7,"column":47},"end":{"line":11,"column":1}},"line":7},"1":{"name":"(anonymous_1)","decl":{"start":{"line":13,"column":17},"end":{"line":13,"column":18}},"loc":{"start":{"line":13,"column":52},"end":{"line":15,"column":1}},"line":13},"2":{"name":"(anonymous_2)","decl":{"start":{"line":22,"column":28},"end":{"line":22,"column":29}},"loc":{"start":{"line":22,"column":43},"end":{"line":108,"column":1}},"line":22},"3":{"name":"(anonymous_3)","decl":{"start":{"line":115,"column":34},"end":{"line":115,"column":35}},"loc":{"start":{"line":115,"column":49},"end":{"line":168,"column":1}},"line":115},"4":{"name":"(anonymous_4)","decl":{"start":{"line":175,"column":43},"end":{"line":175,"column":44}},"loc":{"start":{"line":175,"column":58},"end":{"line":231,"column":1}},"line":175},"5":{"name":"(anonymous_5)","decl":{"start":{"line":238,"column":40},"end":{"line":238,"column":41}},"loc":{"start":{"line":238,"column":59},"end":{"line":313,"column":1}},"line":238},"6":{"name":"(anonymous_6)","decl":{"start":{"line":246,"column":24},"end":{"line":246,"column":25}},"loc":{"start":{"line":246,"column":40},"end":{"line":301,"column":3}},"line":246},"7":{"name":"(anonymous_7)","decl":{"start":{"line":305,"column":9},"end":{"line":305,"column":10}},"loc":{"start":{"line":305,"column":29},"end":{"line":305,"column":44}},"line":305},"8":{"name":"(anonymous_8)","decl":{"start":{"line":306,"column":10},"end":{"line":306,"column":11}},"loc":{"start":{"line":306,"column":20},"end":{"line":312,"column":5}},"line":306}},"branchMap":{"0":{"loc":{"start":{"line":8,"column":2},"end":{"line":10,"column":3}},"type":"if","locations":[{"start":{"line":8,"column":2},"end":{"line":10,"column":3}},{"start":{},"end":{}}],"line":8},"1":{"loc":{"start":{"line":23,"column":2},"end":{"line":26,"column":3}},"type":"if","locations":[{"start":{"line":23,"column":2},"end":{"line":26,"column":3}},{"start":{},"end":{}}],"line":23},"2":{"loc":{"start":{"line":32,"column":4},"end":{"line":46,"column":5}},"type":"if","locations":[{"start":{"line":32,"column":4},"end":{"line":46,"column":5}},{"start":{},"end":{}}],"line":32},"3":{"loc":{"start":{"line":37,"column":8},"end":{"line":37,"column":25}},"type":"binary-expr","locations":[{"start":{"line":37,"column":8},"end":{"line":37,"column":20}},{"start":{"line":37,"column":24},"end":{"line":37,"column":25}}],"line":37},"4":{"loc":{"start":{"line":38,"column":8},"end":{"line":38,"column":25}},"type":"binary-expr","locations":[{"start":{"line":38,"column":8},"end":{"line":38,"column":20}},{"start":{"line":38,"column":24},"end":{"line":38,"column":25}}],"line":38},"5":{"loc":{"start":{"line":39,"column":8},"end":{"line":39,"column":25}},"type":"binary-expr","locations":[{"start":{"line":39,"column":8},"end":{"line":39,"column":20}},{"start":{"line":39,"column":24},"end":{"line":39,"column":25}}],"line":39},"6":{"loc":{"start":{"line":40,"column":8},"end":{"line":40,"column":25}},"type":"binary-expr","locations":[{"start":{"line":40,"column":8},"end":{"line":40,"column":20}},{"start":{"line":40,"column":24},"end":{"line":40,"column":25}}],"line":40},"7":{"loc":{"start":{"line":41,"column":9},"end":{"line":41,"column":26}},"type":"binary-expr","locations":[{"start":{"line":41,"column":9},"end":{"line":41,"column":21}},{"start":{"line":41,"column":25},"end":{"line":41,"column":26}}],"line":41},"8":{"loc":{"start":{"line":49,"column":4},"end":{"line":73,"column":5}},"type":"if","locations":[{"start":{"line":49,"column":4},"end":{"line":73,"column":5}},{"start":{},"end":{}}],"line":49},"9":{"loc":{"start":{"line":52,"column":6},"end":{"line":55,"column":7}},"type":"if","locations":[{"start":{"line":52,"column":6},"end":{"line":55,"column":7}},{"start":{},"end":{}}],"line":52},"10":{"loc":{"start":{"line":58,"column":6},"end":{"line":72,"column":7}},"type":"if","locations":[{"start":{"line":58,"column":6},"end":{"line":72,"column":7}},{"start":{},"end":{}}],"line":58},"11":{"loc":{"start":{"line":58,"column":10},"end":{"line":58,"column":60}},"type":"binary-expr","locations":[{"start":{"line":58,"column":10},"end":{"line":58,"column":33}},{"start":{"line":58,"column":37},"end":{"line":58,"column":60}}],"line":58},"12":{"loc":{"start":{"line":61,"column":8},"end":{"line":71,"column":9}},"type":"if","locations":[{"start":{"line":61,"column":8},"end":{"line":71,"column":9}},{"start":{},"end":{}}],"line":61},"13":{"loc":{"start":{"line":63,"column":10},"end":{"line":70,"column":11}},"type":"if","locations":[{"start":{"line":63,"column":10},"end":{"line":70,"column":11}},{"start":{},"end":{}}],"line":63},"14":{"loc":{"start":{"line":66,"column":12},"end":{"line":69,"column":13}},"type":"if","locations":[{"start":{"line":66,"column":12},"end":{"line":69,
[...]
ne":73,"column":2},"end":{"line":75,"column":3}},"type":"if","locations":[{"start":{"line":73,"column":2},"end":{"line":75,"column":3}},{"start":{},"end":{}}],"line":73},"13":{"loc":{"start":{"line":89,"column":2},"end":{"line":98,"column":3}},"type":"if","locations":[{"start":{"line":89,"column":2},"end":{"line":98,"column":3}},{"start":{},"end":{}}],"line":89},"14":{"loc":{"start":{"line":89,"column":6},"end":{"line":89,"column":41}},"type":"binary-expr","locations":[{"start":{"line":89,"column":6},"end":{"line":89,"column":20}},{"start":{"line":89,"column":24},"end":{"line":89,"column":41}}],"line":89},"15":{"loc":{"start":{"line":115,"column":2},"end":{"line":117,"column":3}},"type":"if","locations":[{"start":{"line":115,"column":2},"end":{"line":117,"column":3}},{"start":{},"end":{}}],"line":115},"16":{"loc":{"start":{"line":127,"column":6},"end":{"line":133,"column":7}},"type":"if","locations":[{"start":{"line":127,"column":6},"end":{"line":133,"column":7}},{"start":{},"end":{}}],"line":127},"17":{"loc":{"start":{"line":149,"column":49},"end":{"line":149,"column":61}},"type":"default-arg","locations":[{"start":{"line":149,"column":60},"end":{"line":149,"column":61}}],"line":149},"18":{"loc":{"start":{"line":150,"column":2},"end":{"line":150,"column":33}},"type":"if","locations":[{"start":{"line":150,"column":2},"end":{"line":150,"column":33}},{"start":{},"end":{}}],"line":150},"19":{"loc":{"start":{"line":156,"column":4},"end":{"line":158,"column":5}},"type":"if","locations":[{"start":{"line":156,"column":4},"end":{"line":158,"column":5}},{"start":{},"end":{}}],"line":156},"20":{"loc":{"start":{"line":163,"column":4},"end":{"line":170,"column":5}},"type":"if","locations":[{"start":{"line":163,"column":4},"end":{"line":170,"column":5}},{"start":{"line":166,"column":11},"end":{"line":170,"column":5}}],"line":163},"21":{"loc":{"start":{"line":187,"column":11},"end":{"line":187,"column":49}},"type":"cond-expr","locations":[{"start":{"line":187,"column":23},"end":{"line":187,"column":44}},{"start":{"line":187,"column":47},"end":{"line":187,"column":49}}],"line":187}},"s":{"0":0,"1":0,"2":0,"3":0,"4":0,"5":0,"6":0,"7":0,"8":0,"9":0,"10":0,"11":0,"12":0,"13":0,"14":0,"15":0,"16":0,"17":0,"18":0,"19":0,"20":0,"21":0,"22":0,"23":0,"24":0,"25":0,"26":0,"27":0,"28":0,"29":0,"30":0,"31":0,"32":0,"33":0,"34":0,"35":0,"36":0,"37":0,"38":0,"39":0,"40":0,"41":0,"42":0,"43":0,"44":0,"45":0,"46":0,"47":0,"48":0,"49":0,"50":0,"51":0,"52":0,"53":0,"54":0,"55":0,"56":0,"57":0,"58":0,"59":0,"60":0,"61":0,"62":0,"63":0,"64":0,"65":0,"66":0,"67":0,"68":0,"69":0,"70":0,"71":0,"72":0,"73":0,"74":0,"75":0,"76":0},"f":{"0":0,"1":0,"2":0,"3":0,"4":0,"5":0,"6":0,"7":0,"8":0,"9":0},"b":{"0":[0,0],"1":[0,0],"2":[0,0],"3":[0,0],"4":[0,0],"5":[0,0],"6":[0,0],"7":[0,0],"8":[0,0],"9":[0,0],"10":[0,0],"11":[0,0],"12":[0,0],"13":[0,0],"14":[0,0],"15":[0,0],"16":[0,0],"17":[0],"18":[0,0],"19":[0,0],"20":[0,0],"21":[0,0]},"all":true},"G:\\facul_project\\TrabalhoInterdisciplinar\\plf-es-2025-1-ti5-0492100-carpool\\code\\mobile\\src\\utils\\registerRide\\index.js":{"path":"G:\\facul_project\\TrabalhoInterdisciplinar\\plf-es-2025-1-ti5-0492100-carpool\\code\\mobile\\src\\utils\\registerRide\\index.js","statementMap":{},"fnMap":{},"branchMap":{},"s":{},"f":{},"b":{},"all":true},"G:\\facul_project\\TrabalhoInterdisciplinar\\plf-es-2025-1-ti5-0492100-carpool\\code\\mobile\\src\\utils\\registerRide\\MapController.js":{"path":"G:\\facul_project\\TrabalhoInterdisciplinar\\plf-es-2025-1-ti5-0492100-carpool\\code\\mobile\\src\\utils\\registerRide\\MapController.js","statementMap":{"0":{"start":{"line":7,"column":4},"end":{"line":7,"column":32}},"1":{"start":{"line":7,"column":25},"end":{"line":7,"column":32}},"2":{"start":{"line":9,"column":4},"end":{"line":42,"column":5}},"3":{"start":{"line":11,"column":6},"end":{"line":11,"column":80}},"4":{"start":{"line":12,"column":11},"end":{"line":42,"column":5}},"5":{"start":{"line":14,"column":6},"end":{"line":25,"column":8}},"6":{"start":{"line":26,"column":11},"end":{"line":42,"column":5}},"7":{"start":{"line":28,"column":6},"end":{"line":33,"column":14}},"8":{"start":{"line":34,"column":11},"end":{"line":42,"column":5}},"9":{"start":{"line":36,"column":6},"end":{"line":41,"column":14}},"10":{"start":{"line":46,"column":4},"end":{"line":46,"column":76}},"11":{"start":{"line":46,"column":69},"end":{"line":46,"column":76}},"12":{"start":{"line":48,"column":4},"end":{"line":56,"column":7}},"13":{"start":{"line":60,"column":4},"end":{"line":60,"column":45}},"14":{"start":{"line":60,"column":38},"end":{"line":60,"column":45}},"15":{"start":{"line":62,"column":4},"end":{"line":67,"column":12}}},"fnMap":{"0":{"name":"(anonymous_0)","decl":{"start":{"line":6,"column":2},"end":{"line":6,"column":3}},"loc":{"start":{"line":6,"column":108},"end":{"line":43,"column":3}},"line":6},"1":{"name":"(anonymous_1)","decl":{"start":{"line":45,"column":2},"end":{"line":45,"column":3}},"loc":{"start":{"line":45,"column":69},"end":{"line":57,"column":3}},"line":45},"2":{"name":"(anonymous_2)","decl":{"start":{"line":59,"column":2},"end":{"line":59,"column":3}},"loc":{"start":{"line":59,"column":45},"end":{"line":68,"column":3}},"line":59}},"branchMap":{"0":{"loc":{"start":{"line":7,"column":4},"end":{"line":7,"column":32}},"type":"if","locations":[{"start":{"line":7,"column":4},"end":{"line":7,"column":32}},{"start":{},"end":{}}],"line":7},"1":{"loc":{"start":{"line":9,"column":4},"end":{"line":42,"column":5}},"type":"if","locations":[{"start":{"line":9,"column":4},"end":{"line":42,"column":5}},{"start":{"line":12,"column":11},"end":{"line":42,"column":5}}],"line":9},"2":{"loc":{"start":{"line":9,"column":8},"end":{"line":9,"column":80}},"type":"binary-expr","locations":[{"start":{"line":9,"column":8},"end":{"line":9,"column":21}},{"start":{"line":9,"column":25},"end":{"line":9,"column":45}},{"start":{"line":9,"column":49},"end":{"line":9,"column":80}}],"line":9},"3":{"loc":{"start":{"line":12,"column":11},"end":{"line":42,"column":5}},"type":"if","locations":[{"start":{"line":12,"column":11},"end":{"line":42,"column":5}},{"start":{"line":26,"column":11},"end":{"line":42,"column":5}}],"line":12},"4":{"loc":{"start":{"line":12,"column":15},"end":{"line":12,"column":51}},"type":"binary-expr","locations":[{"start":{"line":12,"column":15},"end":{"line":12,"column":32}},{"start":{"line":12,"column":36},"end":{"line":12,"column":51}}],"line":12},"5":{"loc":{"start":{"line":26,"column":11},"end":{"line":42,"column":5}},"type":"if","locations":[{"start":{"line":26,"column":11},"end":{"line":42,"column":5}},{"start":{"line":34,"column":11},"end":{"line":42,"column":5}}],"line":26},"6":{"loc":{"start":{"line":34,"column":11},"end":{"line":42,"column":5}},"type":"if","locations":[{"start":{"line":34,"column":11},"end":{"line":42,"column":5}},{"start":{},"end":{}}],"line":34},"7":{"loc":{"start":{"line":46,"column":4},"end":{"line":46,"column":76}},"type":"if","locations":[{"start":{"line":46,"column":4},"end":{"line":46,"column":76}},{"start":{},"end":{}}],"line":46},"8":{"loc":{"start":{"line":46,"column":8},"end":{"line":46,"column":67}},"type":"binary-expr","locations":[{"start":{"line":46,"column":8},"end":{"line":46,"column":20}},{"start":{"line":46,"column":24},"end":{"line":46,"column":48}},{"start":{"line":46,"column":52},"end":{"line":46,"column":67}}],"line":46},"9":{"loc":{"start":{"line":60,"column":4},"end":{"line":60,"column":45}},"type":"if","locations":[{"start":{"line":60,"column":4},"end":{"line":60,"column":45}},{"start":{},"end":{}}],"line":60},"10":{"loc":{"start":{"line":60,"column":8},"end":{"line":60,"column":36}},"type":"binary-expr","locations":[{"start":{"line":60,"column":8},"end":{"line":60,"column":23}},{"start":{"line":60,"column":27},"end":{"line":60,"column":36}}],"line":60}},"s":{"0":0,"1":0,"2":0,"3":0,"4":0,"5":0,"6":0,"7":0,"8":0,"9":0,"10":0,"11":0,"12":0,"13":0,"14":0,"15":0},"f":{"0":0,"1":0,"2":0},"b":{"0":[0,0],"1":[0,0],"2":[0,0,0],"3":[0,0],"4":[0,0],"5":[0,0],"6":[0,0],"7":[0,0],"8":[0,0,0],"9":[0,0],"10":[0,0]},"all":true},"G:\\facul_project\\TrabalhoInterdisciplinar\\plf-es-2025-1-ti5-0492100-carpool\\code\\mobile\\src\\utils\\registerRide\\RideSubmissionHandler.js":{"path":"G:\\facul_project\\TrabalhoInterdisciplinar\\plf-es-2025-1-ti5-0492100-carpool\\code\\mobile\\src\\utils\\registerRide\\RideSubmissionHandler.js","statementMap":{"0":{"start":{"line":23,"column":4},"end":{"line":26,"column":5}},"1":{"start":{"line":24,"column":6},"end":{"line":24,"column":86}},"2":{"start":{"line":25,"column":6},"end":{"line":25,"column":32}},"3":{"start":{"line":28,"column":4},"end":{"line":94,"column":5}},"4":{"start":{"line":30,"column":30},"end":{"line":30,"column":101}},"5":{"start":{"line":31,"column":28},"end":{"line":31,"column":85}},"6":{"start":{"line":33,"column":18},"end":{"line":33,"column":28}},"7":{"start":{"line":35,"column":6},"end":{"line":38,"column":7}},"8":{"start":{"line":36,"column":8},"end":{"line":36,"column":32}},"9":{"start":{"line":37,"column":8},"end":{"line":37,"column":84}},"10":{"start":{"line":41,"column":6},"end":{"line":44,"column":7}},"11":{"start":{"line":42,"column":8},"end":{"line":42,"column":70}},"12":{"start":{"line":43,"column":8},"end":{"line":43,"column":34}},"13":{"start":{"line":46,"column":23},"end":{"line":57,"column":7}},"14":{"start":{"line":59,"column":22},"end":{"line":63,"column":7}},"15":{"start":{"line":65,"column":6},"end":{"line":65,"column":55}},"16":{"start":{"line":66,"column":23},"end":{"line":66,"column":73}},"17":{"start":{"line":68,"column":6},"end":{"line":88,"column":7}},"18":{"start":{"line":69,"column":8},"end":{"line":82,"column":10}},"19":{"start":{"line":74,"column":27},"end":{"line":80,"column":14}},"20":{"start":{"line":83,"column":8},"end":{"line":83,"column":33}},"21":{"start":{"line":85,"column":8},"end":{"line":85,"column":76}},"22":{"start":{"line":86,"column":8},"end":{"line":86,"column":85}},"23":{"start":{"line":87,"column":8},"end":{"line":87,"column":34}},"24":{"start":{"line":91,"column":6},"end":{"line":91,"column":51}},"25":{"start":{"line":92,"column":6},"end":{"line":92,"column":83}},"26":{"start":{"line":93,"column":6},"end":{"line":93,"column":32}},"27":{"start":{"line":98,"column":21},"end":{"line":98,"column":43}},"28":{"start":{"line":99,"column":21},"end":{"line":99,"column":58}},"29":{"start":{"line":101,"column":4},"end":{"line":107,"column":5}},"30":{"start":{"line":102,"column":6},"end":{"line":105,"column":8}},"31":{"start":{"line":106,"column":6},"end":{"line":106,"column":19}},"32":{"start":{"line":108,"column":4},"end":{"line":108,"column":16}}},"fnMap":{"0":{"name":"(anonymous_0)","decl":{"start":{"line":10,"column":2},"end":{"line":10,"column":3}},"loc":{"start":{"line":22,"column":5},"end":{"line":95,"column":3}},"line":22},"1":{"name":"(anonymous_1)","decl":{"start":{"line":74,"column":21},"end":{"line":74,"column":22}},"loc":{"start":{"line":74,"column":27},"end":{"line":80,"column":14}},"line":74},"2":{"name":"(anonymous_2)","decl":{"start":{"line":97,"column":2},"end":{"line":97,"column":3}},"loc":{"start":{"line":97,"column":43},"end":{"line":109,"column":3}},"line":97}},"branchMap":{"0":{"loc":{"start":{"line":23,"column":4},"end":{"line":26,"column":5}},"type":"if","locations":[{"start":{"line":23,"column":4},"end":{"line":26,"column":5}},{"start":{},"end":{}}],"line":23},"1":{"loc":{"start":{"line":23,"column":8},"end":{"line":23,"column":64}},"type":"binary-expr","locations":[{"start":{"line":23,"column":8},"end":{"line":23,"column":22}},{"start":{"line":23,"column":26},"end":{"line":23,"column":44}},{"start":{"line":23,"column":48},"end":{"line":23,"column":64}}],"line":23},"2":{"loc":{"start":{"line":30,"column":30},"end":{"line":30,"column":101}},"type":"cond-expr","locations":[{"start":{"line":30,"column":62},"end":{"line":30,"column":75}},{"start":{"line":30,"column":78},"end":{"line":30,"column":101}}],"line":30},"3":{"loc":{"start":{"line":35,"column":6},"end":{"line":38,"column":7}},"type":"if","locations":[{"start":{"line":35,"column":6},"end":{"line":38,"column":7}},{"start":{},"end":{}}],"line":35},"4":{"loc":{"start":{"line":41,"column":6},"end":{"line":44,"column":7}},"type":"if","locations":[{"start":{"line":41,"column":6},"end":{"line":44,"column":7}},{"start":{},"end":{}}],"line":41},"5":{"loc":{"start":{"line":41,"column":10},"end":{"line":41,"column":80}},"type":"binary-expr","locations":[{"start":{"line":41,"column":10},"end":{"line":41,"column":44}},{"start":{"line":41,"column":48},"end":{"line":41,"column":80}}],"line":41},"6":{"loc":{"start":{"line":68,"column":6},"end":{"line":88,"column":7}},"type":"if","locations":[{"start":{"line":68,"column":6},"end":{"line":88,"column":7}},{"start":{"line":84,"column":13},"end":{"line":88,"column":7}}],"line":68},"7":{"loc":{"start":{"line":99,"column":21},"end":{"line":99,"column":58}},"type":"cond-expr","locations":[{"start":{"line":99,"column":32},"end":{"line":99,"column":54}},{"start":{"line":99,"column":57},"end":{"line":99,"column":58}}],"line":99},"8":{"loc":{"start":{"line":101,"column":4},"end":{"line":107,"column":5}},"type":"if","locations":[{"start":{"line":101,"column":4},"end":{"line":107,"column":5}},{"start":{},"end":{}}],"line":101}},"s":{"0":0,"1":0,"2":0,"3":0,"4":0,"5":0,"6":0,"7":0,"8":0,"9":0,"10":0,"11":0,"12":0,"13":0,"14":0,"15":0,"16":0,"17":0,"18":0,"19":0,"20":0,"21":0,"22":0,"23":0,"24":0,"25":0,"26":0,"27":0,"28":0,"29":0,"30":0,"31":0,"32":0},"f":{"0":0,"1":0,"2":0},"b":{"0":[0,0],"1":[0,0,0],"2":[0,0],"3":[0,0],"4":[0,0],"5":[0,0],"6":[0,0],"7":[0,0],"8":[0,0]},"all":true},"G:\\facul_project\\TrabalhoInterdisciplinar\\plf-es-2025-1-ti5-0492100-carpool\\code\\mobile\\src\\utils\\registerRide\\RouteCalculator.js":{"path":"G:\\facul_project\\TrabalhoInterdisciplinar\\plf-es-2025-1-ti5-0492100-carpool\\code\\mobile\\src\\utils\\registerRide\\RouteCalculator.js","statementMap":{"0":{"start":{"line":10,"column":4},"end":{"line":12,"column":5}},"1":{"start":{"line":11,"column":6},"end":{"line":11,"column":41}},"2":{"start":{"line":14,"column":4},"end":{"line":62,"column":5}},"3":{"start":{"line":15,"column":22},"end":{"line":20,"column":7}},"4":{"start":{"line":22,"column":23},"end":{"line":25,"column":7}},"5":{"start":{"line":27,"column":6},"end":{"line":53,"column":7}},"6":{"start":{"line":29,"column":32},"end":{"line":47,"column":10}},"7":{"start":{"line":31,"column":25},"end":{"line":34,"column":13}},"8":{"start":{"line":31,"column":57},"end":{"line":34,"column":11}},"9":{"start":{"line":37,"column":28},"end":{"line":37,"column":78}},"10":{"start":{"line":39,"column":10},"end":{"line":46,"column":12}},"11":{"start":{"line":50,"column":30},"end":{"line":50,"column":57}},"12":{"start":{"line":52,"column":8},"end":{"line":52,"column":54}},"13":{"start":{"line":55,"column":6},"end":{"line":55,"column":41}},"14":{"start":{"line":57,"column":6},"end":{"line":57,"column":53}},"15":{"start":{"line":58,"column":6},"end":{"line":61,"column":8}},"16":{"start":{"line":66,"column":4},"end":{"line":66,"column":33}},"17":{"start":{"line":66,"column":18},"end":{"line":66,"column":33}},"18":{"start":{"line":68,"column":18},"end":{"line":68,"column":44}},"19":{"start":{"line":69,"column":20},"end":{"line":69,"column":53}},"20":{"start":{"line":71,"column":4},"end":{"line":75,"column":5}},"21":{"start":{"line":72,"column":6},"end":{"line":72,"column":39}},"22":{"start":{"line":74,"column":6},"end":{"line":74,"column":30}},"23":{"start":{"line":79,"column":4},"end":{"line":79,"column":31}},"24":{"start":{"line":79,"column":17},"end":{"line":79,"column":31}},"25":{"start":{"line":80,"column":15},"end":{"line":80,"column":28}},"26":{"start":{"line":81,"column":4},"end":{"line":81,"column":33}},"27":{"start":{"line":85,"column":17},"end":{"line":85,"column":35}},"28":{"start":{"line":86,"column":18},"end":{"line":86,"column":67}},"29":{"start":{"line":87,"column":16},"end":{"line":87,"column":58}},"30":{"start":{"line":88,"column":18},"end":{"line":88,"column":61}},"31":{"start":{"line":89,"column":20},"end":{"line":89,"column":65}},"32":{"start":{"line":90,"column":20},"end":{"line":90,"column":65}},"33":{"start":{"line":91,"column":4},"end":{"line":91,"column":68}}},"fnMap":{"0":{"name":"(anonymous_0)","decl":{"start":{"line":9,"column":2},"end":{"line":9,"column":3}},"loc":{"start":{"line":9,"column":70},"end":{"line":63,"column":3}},"line":9},"1":{"name":"(anonymous_1)","decl":{"start":{"line":29,"column":50},"end":{"line":29,"column":51}},"loc":{"start":{"line":29,"column":68},"end":{"line":47,"column":9}},"line":29},"2":{"name":"(anonymous_2)","decl":{"start":{"line":31,"column":47},"end":{"line":31,"column":48}},"loc":{"start":{"line":31,"column":57},"end":{"line":34,"column":11}},"line":31},"3":{"name":"(anonymous_3)","decl":{"start":{"line":65,"column":2},"end":{"line":65,"column":3}},"loc":{"start":{"line":65,"column":33},"end":{"line":76,"column":3}},"line":65},"4":{"name":"(anonymous_4)","decl":{"start":{"line":78,"column":2},"end":{"line":78,"column":3}},"loc":{"start":{"line":78,"column":32},"end":{"line":82,"column":3}},"line":78},"5":{"name":"(anonymous_5)","decl":{"start":{"line":84,"column":2},"end":{"line":84,"column":3}},"loc":{"start":{"line":84,"column":35},"end":{"line":92,"column":3}},"line":84}},"branchMap":{"0":{"loc":{"start":{"line":10,"column":4},"end":{"line":12,"column":5}},"type":"if","locations":[{"start":{"line":10,"column":4},"end":{"line":12,"column":5}},{"start":{},"end":{}}],"line":10},"1":{"loc":{"start":{"line":10,"column":8},"end":{"line":10,"column":38}},"type":"binary-expr","locations":[{"start":{"line":10,"column":8},"end":{"line":10,"column":22}},{"start":{"line":10,"column":26},"end":{"line":10,"column":38}}],"line":10},"2":{"loc":{"start":{"line":27,"column":6},"end":{"line":53,"column":7}},"type":"if","locations":[{"start":{"line":27,"column":6},"end":{"line":53,"column":7}},{"start":{},"end":{}}],"line":27},"3":{"loc":{"start":{"line":27,"column":10},"end":{"line":27,"column":51}},"type":"binary-expr","locations":[{"start":{"line":27,"column":10},"end":{"line":27,"column":23}},{"start":{"line":27,"column":27},"end":{"line":27,"column":51}}],"line":27},"4":{"loc":{"start":{"line":37,"column":28},"end":{"line":37,"column":78}},"type":"cond-expr","locations":[{"start":{"line":37,"column":42},"end":{"line":37,"column":53}},{"start":{"line":37,"column":56},"end":{"line":37,"column":78}}],"line":37},"5":{"loc":{"start":{"line":43,"column":29},"end":{"line":43,"column":55}},"type":"binary-expr","locations":[{"start":{"line":43,"column":29},"end":{"line":43,"column":50}},{"start":{"line":43,"column":54},"end":{"line":43,"column":55}}],"line":43},"6":{"loc":{"start":{"line":44,"column":29},"end":{"line":44,"column":53}},"type":"binary-expr","locations":[{"start":{"line":44,"column":29},"end":{"line":44,"column":48}},{"start":{"line":44,"column":52},"end":{"line":44,"column":53}}],"line":44},"7":{"loc":{"start":{"line":66,"column":4},"end":{"line":66,"column":33}},"type":"if","locations":[{"start":{"line":66,"column":4},"end":{"line":66,"column":33}},{"start":{},"end":{}}],"line":66},"8":{"loc":{"start":{"line":71,"column":4},"end":{"line":75,"column":5}},"type":"if","locations":[{"start":{"line":71,"column":4},"end":{"line":75,"column":5}},{"start":{"line":73,"column":11},"end":{"line":75,"column":5}}],"line":71},"9":{"loc":{"start":{"line":79,"column":4},"end":{"line":79,"column":31}},"type":"if","locations":[{"start":{"line":79,"column":4},"end":{"line":79,"column":31}},{"start":{},"end":{}}],"line":79}},"s":{"0":0,"1":0,"2":0,"3":0,"4":0,"5":0,"6":0,"7":0,"8":0,"9":0,"10":0,"11":0,"12":0,"13":0,"14":0,"15":0,"16":0,"17":0,"18":0,"19":0,"20":0,"21":0,"22":0,"23":0,"24":0,"25":0,"26":0,"27":0,"28":0,"29":0,"30":0,"31":0,"32":0,"33":0},"f":{"0":0,"1":0,"2":0,"3":0,"4":0,"5":0},"b":{"0":[0,0],"1":[0,0],"2":[0,0],"3":[0,0],"4":[0,0],"5":[0,0],"6":[0,0],"7":[0,0],"8":[0,0],"9":[0,0]},"all":true}}